<?xml version="1.0" encoding="UTF-8"?>
<testsuite xmlns:xsi="http://www.w3.org/2001/XMLSchema-instance" xsi:noNamespaceSchemaLocation="https://maven.apache.org/surefire/maven-surefire-plugin/xsd/surefire-test-report-3.0.xsd" version="3.0" name="com.kintai.controller.AttendanceReportControllerTest" time="0.116" tests="6" errors="0" skipped="0" failures="0">
  <properties>
    <property name="java.specification.version" value="17"/>
    <property name="sun.jnu.encoding" value="UTF-8"/>
    <property name="java.class.path" value="/Users/keigofujita/kintai/target/test-classes:/Users/keigofujita/kintai/target/classes:/Users/keigofujita/.m2/repository/org/springframework/boot/spring-boot-starter-web/3.2.0/spring-boot-starter-web-3.2.0.jar:/Users/keigofujita/.m2/repository/org/springframework/boot/spring-boot-starter/3.2.0/spring-boot-starter-3.2.0.jar:/Users/keigofujita/.m2/repository/org/springframework/boot/spring-boot/3.2.0/spring-boot-3.2.0.jar:/Users/keigofujita/.m2/repository/org/springframework/boot/spring-boot-autoconfigure/3.2.0/spring-boot-autoconfigure-3.2.0.jar:/Users/keigofujita/.m2/repository/org/springframework/boot/spring-boot-starter-logging/3.2.0/spring-boot-starter-logging-3.2.0.jar:/Users/keigofujita/.m2/repository/ch/qos/logback/logback-classic/1.4.11/logback-classic-1.4.11.jar:/Users/keigofujita/.m2/repository/ch/qos/logback/logback-core/1.4.11/logback-core-1.4.11.jar:/Users/keigofujita/.m2/repository/org/apache/logging/log4j/log4j-to-slf4j/2.21.1/log4j-to-slf4j-2.21.1.jar:/Users/keigofujita/.m2/repository/org/apache/logging/log4j/log4j-api/2.21.1/log4j-api-2.21.1.jar:/Users/keigofujita/.m2/repository/org/slf4j/jul-to-slf4j/2.0.9/jul-to-slf4j-2.0.9.jar:/Users/keigofujita/.m2/repository/jakarta/annotation/jakarta.annotation-api/2.1.1/jakarta.annotation-api-2.1.1.jar:/Users/keigofujita/.m2/repository/org/yaml/snakeyaml/2.2/snakeyaml-2.2.jar:/Users/keigofujita/.m2/repository/org/springframework/boot/spring-boot-starter-json/3.2.0/spring-boot-starter-json-3.2.0.jar:/Users/keigofujita/.m2/repository/com/fasterxml/jackson/core/jackson-databind/2.15.3/jackson-databind-2.15.3.jar:/Users/keigofujita/.m2/repository/com/fasterxml/jackson/core/jackson-annotations/2.15.3/jackson-annotations-2.15.3.jar:/Users/keigofujita/.m2/repository/com/fasterxml/jackson/datatype/jackson-datatype-jdk8/2.15.3/jackson-datatype-jdk8-2.15.3.jar:/Users/keigofujita/.m2/repository/com/fasterxml/jackson/datatype/jackson-datatype-jsr310/2.15.3/jackson-datatype-jsr310-2.15.3.jar:/Users/keigofujita/.m2/repository/com/fasterxml/jackson/module/jackson-module-parameter-names/2.15.3/jackson-module-parameter-names-2.15.3.jar:/Users/keigofujita/.m2/repository/org/springframework/boot/spring-boot-starter-tomcat/3.2.0/spring-boot-starter-tomcat-3.2.0.jar:/Users/keigofujita/.m2/repository/org/apache/tomcat/embed/tomcat-embed-core/10.1.16/tomcat-embed-core-10.1.16.jar:/Users/keigofujita/.m2/repository/org/apache/tomcat/embed/tomcat-embed-websocket/10.1.16/tomcat-embed-websocket-10.1.16.jar:/Users/keigofujita/.m2/repository/org/springframework/spring-web/6.1.1/spring-web-6.1.1.jar:/Users/keigofujita/.m2/repository/org/springframework/spring-beans/6.1.1/spring-beans-6.1.1.jar:/Users/keigofujita/.m2/repository/org/springframework/spring-webmvc/6.1.1/spring-webmvc-6.1.1.jar:/Users/keigofujita/.m2/repository/org/springframework/spring-context/6.1.1/spring-context-6.1.1.jar:/Users/keigofujita/.m2/repository/org/springframework/spring-expression/6.1.1/spring-expression-6.1.1.jar:/Users/keigofujita/.m2/repository/org/springframework/boot/spring-boot-starter-data-jpa/3.2.0/spring-boot-starter-data-jpa-3.2.0.jar:/Users/keigofujita/.m2/repository/org/springframework/boot/spring-boot-starter-aop/3.2.0/spring-boot-starter-aop-3.2.0.jar:/Users/keigofujita/.m2/repository/org/aspectj/aspectjweaver/1.9.20.1/aspectjweaver-1.9.20.1.jar:/Users/keigofujita/.m2/repository/org/springframework/boot/spring-boot-starter-jdbc/3.2.0/spring-boot-starter-jdbc-3.2.0.jar:/Users/keigofujita/.m2/repository/com/zaxxer/HikariCP/5.0.1/HikariCP-5.0.1.jar:/Users/keigofujita/.m2/repository/org/springframework/spring-jdbc/6.1.1/spring-jdbc-6.1.1.jar:/Users/keigofujita/.m2/repository/org/hibernate/orm/hibernate-core/6.3.1.Final/hibernate-core-6.3.1.Final.jar:/Users/keigofujita/.m2/repository/jakarta/persistence/jakarta.persistence-api/3.1.0/jakarta.persistence-api-3.1.0.jar:/Users/keigofujita/.m2/repository/jakarta/transaction/jakarta.transaction-api/2.0.1/jakarta.transaction-api-2.0.1.jar:/Users/keigofujita/.m2/repository/org/jboss/logging/jboss-logging/3.5.3.Final/jboss-logging-3.5.3.Final.jar:/Users/keigofujita/.m2/repository/org/hibernate/common/hibernate-commons-annotations/6.0.6.Final/hibernate-commons-annotations-6.0.6.Final.jar:/Users/keigofujita/.m2/repository/io/smallrye/jandex/3.1.2/jandex-3.1.2.jar:/Users/keigofujita/.m2/repository/com/fasterxml/classmate/1.6.0/classmate-1.6.0.jar:/Users/keigofujita/.m2/repository/net/bytebuddy/byte-buddy/1.14.10/byte-buddy-1.14.10.jar:/Users/keigofujita/.m2/repository/org/glassfish/jaxb/jaxb-runtime/4.0.4/jaxb-runtime-4.0.4.jar:/Users/keigofujita/.m2/repository/org/glassfish/jaxb/jaxb-core/4.0.4/jaxb-core-4.0.4.jar:/Users/keigofujita/.m2/repository/org/eclipse/angus/angus-activation/2.0.1/angus-activation-2.0.1.jar:/Users/keigofujita/.m2/repository/org/glassfish/jaxb/txw2/4.0.4/txw2-4.0.4.jar:/Users/keigofujita/.m2/repository/com/sun/istack/istack-commons-runtime/4.1.2/istack-commons-runtime-4.1.2.jar:/Users/keigofujita/.m2/repository/jakarta/inject/jakarta.inject-api/2.0.1/jakarta.inject-api-2.0.1.jar:/Users/keigofujita/.m2/repository/org/antlr/antlr4-runtime/4.10.1/antlr4-runtime-4.10.1.jar:/Users/keigofujita/.m2/repository/org/springframework/data/spring-data-jpa/3.2.0/spring-data-jpa-3.2.0.jar:/Users/keigofujita/.m2/repository/org/springframework/data/spring-data-commons/3.2.0/spring-data-commons-3.2.0.jar:/Users/keigofujita/.m2/repository/org/springframework/spring-orm/6.1.1/spring-orm-6.1.1.jar:/Users/keigofujita/.m2/repository/org/springframework/spring-tx/6.1.1/spring-tx-6.1.1.jar:/Users/keigofujita/.m2/repository/org/springframework/spring-aspects/6.1.1/spring-aspects-6.1.1.jar:/Users/keigofujita/.m2/repository/org/springframework/boot/spring-boot-starter-validation/3.2.0/spring-boot-starter-validation-3.2.0.jar:/Users/keigofujita/.m2/repository/org/apache/tomcat/embed/tomcat-embed-el/10.1.16/tomcat-embed-el-10.1.16.jar:/Users/keigofujita/.m2/repository/org/hibernate/validator/hibernate-validator/8.0.1.Final/hibernate-validator-8.0.1.Final.jar:/Users/keigofujita/.m2/repository/jakarta/validation/jakarta.validation-api/3.0.2/jakarta.validation-api-3.0.2.jar:/Users/keigofujita/.m2/repository/org/springframework/boot/spring-boot-starter-actuator/3.2.0/spring-boot-starter-actuator-3.2.0.jar:/Users/keigofujita/.m2/repository/org/springframework/boot/spring-boot-actuator-autoconfigure/3.2.0/spring-boot-actuator-autoconfigure-3.2.0.jar:/Users/keigofujita/.m2/repository/org/springframework/boot/spring-boot-actuator/3.2.0/spring-boot-actuator-3.2.0.jar:/Users/keigofujita/.m2/repository/io/micrometer/micrometer-observation/1.12.0/micrometer-observation-1.12.0.jar:/Users/keigofujita/.m2/repository/io/micrometer/micrometer-commons/1.12.0/micrometer-commons-1.12.0.jar:/Users/keigofujita/.m2/repository/io/micrometer/micrometer-jakarta9/1.12.0/micrometer-jakarta9-1.12.0.jar:/Users/keigofujita/.m2/repository/io/micrometer/micrometer-core/1.12.0/micrometer-core-1.12.0.jar:/Users/keigofujita/.m2/repository/org/hdrhistogram/HdrHistogram/2.1.12/HdrHistogram-2.1.12.jar:/Users/keigofujita/.m2/repository/org/latencyutils/LatencyUtils/2.0.3/LatencyUtils-2.0.3.jar:/Users/keigofujita/.m2/repository/org/springframework/boot/spring-boot-starter-security/3.2.0/spring-boot-starter-security-3.2.0.jar:/Users/keigofujita/.m2/repository/org/springframework/spring-aop/6.1.1/spring-aop-6.1.1.jar:/Users/keigofujita/.m2/repository/org/springframework/security/spring-security-config/6.2.0/spring-security-config-6.2.0.jar:/Users/keigofujita/.m2/repository/org/springframework/security/spring-security-web/6.2.0/spring-security-web-6.2.0.jar:/Users/keigofujita/.m2/repository/com/mysql/mysql-connector-j/8.0.33/mysql-connector-j-8.0.33.jar:/Users/keigofujita/.m2/repository/org/flywaydb/flyway-core/9.22.3/flyway-core-9.22.3.jar:/Users/keigofujita/.m2/repository/com/fasterxml/jackson/dataformat/jackson-dataformat-toml/2.15.3/jackson-dataformat-toml-2.15.3.jar:/Users/keigofujita/.m2/repository/com/fasterxml/jackson/core/jackson-core/2.15.3/jackson-core-2.15.3.jar:/Users/keigofujita/.m2/repository/com/google/code/gson/gson/2.10.1/gson-2.10.1.jar:/Users/keigofujita/.m2/repository/org/flywaydb/flyway-mysql/9.22.3/flyway-mysql-9.22.3.jar:/Users/keigofujita/.m2/repository/org/springframework/boot/spring-boot-starter-test/3.2.0/spring-boot-starter-test-3.2.0.jar:/Users/keigofujita/.m2/repository/org/springframework/boot/spring-boot-test/3.2.0/spring-boot-test-3.2.0.jar:/Users/keigofujita/.m2/repository/org/springframework/boot/spring-boot-test-autoconfigure/3.2.0/spring-boot-test-autoconfigure-3.2.0.jar:/Users/keigofujita/.m2/repository/com/jayway/jsonpath/json-path/2.8.0/json-path-2.8.0.jar:/Users/keigofujita/.m2/repository/jakarta/xml/bind/jakarta.xml.bind-api/4.0.1/jakarta.xml.bind-api-4.0.1.jar:/Users/keigofujita/.m2/repository/jakarta/activation/jakarta.activation-api/2.1.2/jakarta.activation-api-2.1.2.jar:/Users/keigofujita/.m2/repository/net/minidev/json-smart/2.5.0/json-smart-2.5.0.jar:/Users/keigofujita/.m2/repository/net/minidev/accessors-smart/2.5.0/accessors-smart-2.5.0.jar:/Users/keigofujita/.m2/repository/org/ow2/asm/asm/9.3/asm-9.3.jar:/Users/keigofujita/.m2/repository/org/assertj/assertj-core/3.24.2/assertj-core-3.24.2.jar:/Users/keigofujita/.m2/repository/org/awaitility/awaitility/4.2.0/awaitility-4.2.0.jar:/Users/keigofujita/.m2/repository/org/hamcrest/hamcrest/2.2/hamcrest-2.2.jar:/Users/keigofujita/.m2/repository/org/junit/jupiter/junit-jupiter/5.10.1/junit-jupiter-5.10.1.jar:/Users/keigofujita/.m2/repository/org/junit/jupiter/junit-jupiter-api/5.10.1/junit-jupiter-api-5.10.1.jar:/Users/keigofujita/.m2/repository/org/opentest4j/opentest4j/1.3.0/opentest4j-1.3.0.jar:/Users/keigofujita/.m2/repository/org/junit/platform/junit-platform-commons/1.10.1/junit-platform-commons-1.10.1.jar:/Users/keigofujita/.m2/repository/org/apiguardian/apiguardian-api/1.1.2/apiguardian-api-1.1.2.jar:/Users/keigofujita/.m2/repository/org/junit/jupiter/junit-jupiter-params/5.10.1/junit-jupiter-params-5.10.1.jar:/Users/keigofujita/.m2/repository/org/junit/jupiter/junit-jupiter-engine/5.10.1/junit-jupiter-engine-5.10.1.jar:/Users/keigofujita/.m2/repository/org/junit/platform/junit-platform-engine/1.10.1/junit-platform-engine-1.10.1.jar:/Users/keigofujita/.m2/repository/org/mockito/mockito-core/5.7.0/mockito-core-5.7.0.jar:/Users/keigofujita/.m2/repository/net/bytebuddy/byte-buddy-agent/1.14.10/byte-buddy-agent-1.14.10.jar:/Users/keigofujita/.m2/repository/org/objenesis/objenesis/3.3/objenesis-3.3.jar:/Users/keigofujita/.m2/repository/org/mockito/mockito-junit-jupiter/5.7.0/mockito-junit-jupiter-5.7.0.jar:/Users/keigofujita/.m2/repository/org/skyscreamer/jsonassert/1.5.1/jsonassert-1.5.1.jar:/Users/keigofujita/.m2/repository/com/vaadin/external/google/android-json/0.0.20131108.vaadin1/android-json-0.0.20131108.vaadin1.jar:/Users/keigofujita/.m2/repository/org/springframework/spring-core/6.1.1/spring-core-6.1.1.jar:/Users/keigofujita/.m2/repository/org/springframework/spring-jcl/6.1.1/spring-jcl-6.1.1.jar:/Users/keigofujita/.m2/repository/org/springframework/spring-test/6.1.1/spring-test-6.1.1.jar:/Users/keigofujita/.m2/repository/org/xmlunit/xmlunit-core/2.9.1/xmlunit-core-2.9.1.jar:/Users/keigofujita/.m2/repository/org/springframework/security/spring-security-test/6.2.0/spring-security-test-6.2.0.jar:/Users/keigofujita/.m2/repository/org/springframework/security/spring-security-core/6.2.0/spring-security-core-6.2.0.jar:/Users/keigofujita/.m2/repository/org/springframework/security/spring-security-crypto/6.2.0/spring-security-crypto-6.2.0.jar:/Users/keigofujita/.m2/repository/com/h2database/h2/2.2.224/h2-2.2.224.jar:/Users/keigofujita/.m2/repository/com/itextpdf/barcodes/7.2.5/barcodes-7.2.5.jar:/Users/keigofujita/.m2/repository/com/itextpdf/font-asian/7.2.5/font-asian-7.2.5.jar:/Users/keigofujita/.m2/repository/com/itextpdf/forms/7.2.5/forms-7.2.5.jar:/Users/keigofujita/.m2/repository/com/itextpdf/hyph/7.2.5/hyph-7.2.5.jar:/Users/keigofujita/.m2/repository/com/itextpdf/io/7.2.5/io-7.2.5.jar:/Users/keigofujita/.m2/repository/com/itextpdf/commons/7.2.5/commons-7.2.5.jar:/Users/keigofujita/.m2/repository/com/itextpdf/kernel/7.2.5/kernel-7.2.5.jar:/Users/keigofujita/.m2/repository/org/bouncycastle/bcpkix-jdk15on/1.70/bcpkix-jdk15on-1.70.jar:/Users/keigofujita/.m2/repository/org/bouncycastle/bcutil-jdk15on/1.70/bcutil-jdk15on-1.70.jar:/Users/keigofujita/.m2/repository/org/bouncycastle/bcprov-jdk15on/1.70/bcprov-jdk15on-1.70.jar:/Users/keigofujita/.m2/repository/com/itextpdf/layout/7.2.5/layout-7.2.5.jar:/Users/keigofujita/.m2/repository/com/itextpdf/pdfa/7.2.5/pdfa-7.2.5.jar:/Users/keigofujita/.m2/repository/com/itextpdf/sign/7.2.5/sign-7.2.5.jar:/Users/keigofujita/.m2/repository/com/itextpdf/styled-xml-parser/7.2.5/styled-xml-parser-7.2.5.jar:/Users/keigofujita/.m2/repository/com/itextpdf/svg/7.2.5/svg-7.2.5.jar:/Users/keigofujita/.m2/repository/com/itextpdf/html2pdf/4.0.5/html2pdf-4.0.5.jar:/Users/keigofujita/.m2/repository/org/slf4j/slf4j-api/2.0.9/slf4j-api-2.0.9.jar:"/>
    <property name="java.vm.vendor" value="Homebrew"/>
    <property name="sun.arch.data.model" value="64"/>
    <property name="java.vendor.url" value="https://github.com/Homebrew/homebrew-core/issues"/>
    <property name="catalina.useNaming" value="false"/>
    <property name="user.timezone" value="Asia/Tokyo"/>
    <property name="org.jboss.logging.provider" value="slf4j"/>
    <property name="os.name" value="Mac OS X"/>
    <property name="java.vm.specification.version" value="17"/>
    <property name="sun.java.launcher" value="SUN_STANDARD"/>
    <property name="user.country" value="JP"/>
    <property name="sun.boot.library.path" value="/opt/homebrew/Cellar/openjdk@17/17.0.16/libexec/openjdk.jdk/Contents/Home/lib"/>
    <property name="sun.java.command" value="/Users/keigofujita/kintai/target/surefire/surefirebooter-20250918212610768_3.jar /Users/keigofujita/kintai/target/surefire 2025-09-18T21-26-10_737-jvmRun1 surefire-20250918212610768_1tmp surefire_0-20250918212610768_2tmp"/>
    <property name="http.nonProxyHosts" value="local|*.local|169.254/16|*.169.254/16"/>
    <property name="jdk.debug" value="release"/>
    <property name="surefire.test.class.path" value="/Users/keigofujita/kintai/target/test-classes:/Users/keigofujita/kintai/target/classes:/Users/keigofujita/.m2/repository/org/springframework/boot/spring-boot-starter-web/3.2.0/spring-boot-starter-web-3.2.0.jar:/Users/keigofujita/.m2/repository/org/springframework/boot/spring-boot-starter/3.2.0/spring-boot-starter-3.2.0.jar:/Users/keigofujita/.m2/repository/org/springframework/boot/spring-boot/3.2.0/spring-boot-3.2.0.jar:/Users/keigofujita/.m2/repository/org/springframework/boot/spring-boot-autoconfigure/3.2.0/spring-boot-autoconfigure-3.2.0.jar:/Users/keigofujita/.m2/repository/org/springframework/boot/spring-boot-starter-logging/3.2.0/spring-boot-starter-logging-3.2.0.jar:/Users/keigofujita/.m2/repository/ch/qos/logback/logback-classic/1.4.11/logback-classic-1.4.11.jar:/Users/keigofujita/.m2/repository/ch/qos/logback/logback-core/1.4.11/logback-core-1.4.11.jar:/Users/keigofujita/.m2/repository/org/apache/logging/log4j/log4j-to-slf4j/2.21.1/log4j-to-slf4j-2.21.1.jar:/Users/keigofujita/.m2/repository/org/apache/logging/log4j/log4j-api/2.21.1/log4j-api-2.21.1.jar:/Users/keigofujita/.m2/repository/org/slf4j/jul-to-slf4j/2.0.9/jul-to-slf4j-2.0.9.jar:/Users/keigofujita/.m2/repository/jakarta/annotation/jakarta.annotation-api/2.1.1/jakarta.annotation-api-2.1.1.jar:/Users/keigofujita/.m2/repository/org/yaml/snakeyaml/2.2/snakeyaml-2.2.jar:/Users/keigofujita/.m2/repository/org/springframework/boot/spring-boot-starter-json/3.2.0/spring-boot-starter-json-3.2.0.jar:/Users/keigofujita/.m2/repository/com/fasterxml/jackson/core/jackson-databind/2.15.3/jackson-databind-2.15.3.jar:/Users/keigofujita/.m2/repository/com/fasterxml/jackson/core/jackson-annotations/2.15.3/jackson-annotations-2.15.3.jar:/Users/keigofujita/.m2/repository/com/fasterxml/jackson/datatype/jackson-datatype-jdk8/2.15.3/jackson-datatype-jdk8-2.15.3.jar:/Users/keigofujita/.m2/repository/com/fasterxml/jackson/datatype/jackson-datatype-jsr310/2.15.3/jackson-datatype-jsr310-2.15.3.jar:/Users/keigofujita/.m2/repository/com/fasterxml/jackson/module/jackson-module-parameter-names/2.15.3/jackson-module-parameter-names-2.15.3.jar:/Users/keigofujita/.m2/repository/org/springframework/boot/spring-boot-starter-tomcat/3.2.0/spring-boot-starter-tomcat-3.2.0.jar:/Users/keigofujita/.m2/repository/org/apache/tomcat/embed/tomcat-embed-core/10.1.16/tomcat-embed-core-10.1.16.jar:/Users/keigofujita/.m2/repository/org/apache/tomcat/embed/tomcat-embed-websocket/10.1.16/tomcat-embed-websocket-10.1.16.jar:/Users/keigofujita/.m2/repository/org/springframework/spring-web/6.1.1/spring-web-6.1.1.jar:/Users/keigofujita/.m2/repository/org/springframework/spring-beans/6.1.1/spring-beans-6.1.1.jar:/Users/keigofujita/.m2/repository/org/springframework/spring-webmvc/6.1.1/spring-webmvc-6.1.1.jar:/Users/keigofujita/.m2/repository/org/springframework/spring-context/6.1.1/spring-context-6.1.1.jar:/Users/keigofujita/.m2/repository/org/springframework/spring-expression/6.1.1/spring-expression-6.1.1.jar:/Users/keigofujita/.m2/repository/org/springframework/boot/spring-boot-starter-data-jpa/3.2.0/spring-boot-starter-data-jpa-3.2.0.jar:/Users/keigofujita/.m2/repository/org/springframework/boot/spring-boot-starter-aop/3.2.0/spring-boot-starter-aop-3.2.0.jar:/Users/keigofujita/.m2/repository/org/aspectj/aspectjweaver/1.9.20.1/aspectjweaver-1.9.20.1.jar:/Users/keigofujita/.m2/repository/org/springframework/boot/spring-boot-starter-jdbc/3.2.0/spring-boot-starter-jdbc-3.2.0.jar:/Users/keigofujita/.m2/repository/com/zaxxer/HikariCP/5.0.1/HikariCP-5.0.1.jar:/Users/keigofujita/.m2/repository/org/springframework/spring-jdbc/6.1.1/spring-jdbc-6.1.1.jar:/Users/keigofujita/.m2/repository/org/hibernate/orm/hibernate-core/6.3.1.Final/hibernate-core-6.3.1.Final.jar:/Users/keigofujita/.m2/repository/jakarta/persistence/jakarta.persistence-api/3.1.0/jakarta.persistence-api-3.1.0.jar:/Users/keigofujita/.m2/repository/jakarta/transaction/jakarta.transaction-api/2.0.1/jakarta.transaction-api-2.0.1.jar:/Users/keigofujita/.m2/repository/org/jboss/logging/jboss-logging/3.5.3.Final/jboss-logging-3.5.3.Final.jar:/Users/keigofujita/.m2/repository/org/hibernate/common/hibernate-commons-annotations/6.0.6.Final/hibernate-commons-annotations-6.0.6.Final.jar:/Users/keigofujita/.m2/repository/io/smallrye/jandex/3.1.2/jandex-3.1.2.jar:/Users/keigofujita/.m2/repository/com/fasterxml/classmate/1.6.0/classmate-1.6.0.jar:/Users/keigofujita/.m2/repository/net/bytebuddy/byte-buddy/1.14.10/byte-buddy-1.14.10.jar:/Users/keigofujita/.m2/repository/org/glassfish/jaxb/jaxb-runtime/4.0.4/jaxb-runtime-4.0.4.jar:/Users/keigofujita/.m2/repository/org/glassfish/jaxb/jaxb-core/4.0.4/jaxb-core-4.0.4.jar:/Users/keigofujita/.m2/repository/org/eclipse/angus/angus-activation/2.0.1/angus-activation-2.0.1.jar:/Users/keigofujita/.m2/repository/org/glassfish/jaxb/txw2/4.0.4/txw2-4.0.4.jar:/Users/keigofujita/.m2/repository/com/sun/istack/istack-commons-runtime/4.1.2/istack-commons-runtime-4.1.2.jar:/Users/keigofujita/.m2/repository/jakarta/inject/jakarta.inject-api/2.0.1/jakarta.inject-api-2.0.1.jar:/Users/keigofujita/.m2/repository/org/antlr/antlr4-runtime/4.10.1/antlr4-runtime-4.10.1.jar:/Users/keigofujita/.m2/repository/org/springframework/data/spring-data-jpa/3.2.0/spring-data-jpa-3.2.0.jar:/Users/keigofujita/.m2/repository/org/springframework/data/spring-data-commons/3.2.0/spring-data-commons-3.2.0.jar:/Users/keigofujita/.m2/repository/org/springframework/spring-orm/6.1.1/spring-orm-6.1.1.jar:/Users/keigofujita/.m2/repository/org/springframework/spring-tx/6.1.1/spring-tx-6.1.1.jar:/Users/keigofujita/.m2/repository/org/springframework/spring-aspects/6.1.1/spring-aspects-6.1.1.jar:/Users/keigofujita/.m2/repository/org/springframework/boot/spring-boot-starter-validation/3.2.0/spring-boot-starter-validation-3.2.0.jar:/Users/keigofujita/.m2/repository/org/apache/tomcat/embed/tomcat-embed-el/10.1.16/tomcat-embed-el-10.1.16.jar:/Users/keigofujita/.m2/repository/org/hibernate/validator/hibernate-validator/8.0.1.Final/hibernate-validator-8.0.1.Final.jar:/Users/keigofujita/.m2/repository/jakarta/validation/jakarta.validation-api/3.0.2/jakarta.validation-api-3.0.2.jar:/Users/keigofujita/.m2/repository/org/springframework/boot/spring-boot-starter-actuator/3.2.0/spring-boot-starter-actuator-3.2.0.jar:/Users/keigofujita/.m2/repository/org/springframework/boot/spring-boot-actuator-autoconfigure/3.2.0/spring-boot-actuator-autoconfigure-3.2.0.jar:/Users/keigofujita/.m2/repository/org/springframework/boot/spring-boot-actuator/3.2.0/spring-boot-actuator-3.2.0.jar:/Users/keigofujita/.m2/repository/io/micrometer/micrometer-observation/1.12.0/micrometer-observation-1.12.0.jar:/Users/keigofujita/.m2/repository/io/micrometer/micrometer-commons/1.12.0/micrometer-commons-1.12.0.jar:/Users/keigofujita/.m2/repository/io/micrometer/micrometer-jakarta9/1.12.0/micrometer-jakarta9-1.12.0.jar:/Users/keigofujita/.m2/repository/io/micrometer/micrometer-core/1.12.0/micrometer-core-1.12.0.jar:/Users/keigofujita/.m2/repository/org/hdrhistogram/HdrHistogram/2.1.12/HdrHistogram-2.1.12.jar:/Users/keigofujita/.m2/repository/org/latencyutils/LatencyUtils/2.0.3/LatencyUtils-2.0.3.jar:/Users/keigofujita/.m2/repository/org/springframework/boot/spring-boot-starter-security/3.2.0/spring-boot-starter-security-3.2.0.jar:/Users/keigofujita/.m2/repository/org/springframework/spring-aop/6.1.1/spring-aop-6.1.1.jar:/Users/keigofujita/.m2/repository/org/springframework/security/spring-security-config/6.2.0/spring-security-config-6.2.0.jar:/Users/keigofujita/.m2/repository/org/springframework/security/spring-security-web/6.2.0/spring-security-web-6.2.0.jar:/Users/keigofujita/.m2/repository/com/mysql/mysql-connector-j/8.0.33/mysql-connector-j-8.0.33.jar:/Users/keigofujita/.m2/repository/org/flywaydb/flyway-core/9.22.3/flyway-core-9.22.3.jar:/Users/keigofujita/.m2/repository/com/fasterxml/jackson/dataformat/jackson-dataformat-toml/2.15.3/jackson-dataformat-toml-2.15.3.jar:/Users/keigofujita/.m2/repository/com/fasterxml/jackson/core/jackson-core/2.15.3/jackson-core-2.15.3.jar:/Users/keigofujita/.m2/repository/com/google/code/gson/gson/2.10.1/gson-2.10.1.jar:/Users/keigofujita/.m2/repository/org/flywaydb/flyway-mysql/9.22.3/flyway-mysql-9.22.3.jar:/Users/keigofujita/.m2/repository/org/springframework/boot/spring-boot-starter-test/3.2.0/spring-boot-starter-test-3.2.0.jar:/Users/keigofujita/.m2/repository/org/springframework/boot/spring-boot-test/3.2.0/spring-boot-test-3.2.0.jar:/Users/keigofujita/.m2/repository/org/springframework/boot/spring-boot-test-autoconfigure/3.2.0/spring-boot-test-autoconfigure-3.2.0.jar:/Users/keigofujita/.m2/repository/com/jayway/jsonpath/json-path/2.8.0/json-path-2.8.0.jar:/Users/keigofujita/.m2/repository/jakarta/xml/bind/jakarta.xml.bind-api/4.0.1/jakarta.xml.bind-api-4.0.1.jar:/Users/keigofujita/.m2/repository/jakarta/activation/jakarta.activation-api/2.1.2/jakarta.activation-api-2.1.2.jar:/Users/keigofujita/.m2/repository/net/minidev/json-smart/2.5.0/json-smart-2.5.0.jar:/Users/keigofujita/.m2/repository/net/minidev/accessors-smart/2.5.0/accessors-smart-2.5.0.jar:/Users/keigofujita/.m2/repository/org/ow2/asm/asm/9.3/asm-9.3.jar:/Users/keigofujita/.m2/repository/org/assertj/assertj-core/3.24.2/assertj-core-3.24.2.jar:/Users/keigofujita/.m2/repository/org/awaitility/awaitility/4.2.0/awaitility-4.2.0.jar:/Users/keigofujita/.m2/repository/org/hamcrest/hamcrest/2.2/hamcrest-2.2.jar:/Users/keigofujita/.m2/repository/org/junit/jupiter/junit-jupiter/5.10.1/junit-jupiter-5.10.1.jar:/Users/keigofujita/.m2/repository/org/junit/jupiter/junit-jupiter-api/5.10.1/junit-jupiter-api-5.10.1.jar:/Users/keigofujita/.m2/repository/org/opentest4j/opentest4j/1.3.0/opentest4j-1.3.0.jar:/Users/keigofujita/.m2/repository/org/junit/platform/junit-platform-commons/1.10.1/junit-platform-commons-1.10.1.jar:/Users/keigofujita/.m2/repository/org/apiguardian/apiguardian-api/1.1.2/apiguardian-api-1.1.2.jar:/Users/keigofujita/.m2/repository/org/junit/jupiter/junit-jupiter-params/5.10.1/junit-jupiter-params-5.10.1.jar:/Users/keigofujita/.m2/repository/org/junit/jupiter/junit-jupiter-engine/5.10.1/junit-jupiter-engine-5.10.1.jar:/Users/keigofujita/.m2/repository/org/junit/platform/junit-platform-engine/1.10.1/junit-platform-engine-1.10.1.jar:/Users/keigofujita/.m2/repository/org/mockito/mockito-core/5.7.0/mockito-core-5.7.0.jar:/Users/keigofujita/.m2/repository/net/bytebuddy/byte-buddy-agent/1.14.10/byte-buddy-agent-1.14.10.jar:/Users/keigofujita/.m2/repository/org/objenesis/objenesis/3.3/objenesis-3.3.jar:/Users/keigofujita/.m2/repository/org/mockito/mockito-junit-jupiter/5.7.0/mockito-junit-jupiter-5.7.0.jar:/Users/keigofujita/.m2/repository/org/skyscreamer/jsonassert/1.5.1/jsonassert-1.5.1.jar:/Users/keigofujita/.m2/repository/com/vaadin/external/google/android-json/0.0.20131108.vaadin1/android-json-0.0.20131108.vaadin1.jar:/Users/keigofujita/.m2/repository/org/springframework/spring-core/6.1.1/spring-core-6.1.1.jar:/Users/keigofujita/.m2/repository/org/springframework/spring-jcl/6.1.1/spring-jcl-6.1.1.jar:/Users/keigofujita/.m2/repository/org/springframework/spring-test/6.1.1/spring-test-6.1.1.jar:/Users/keigofujita/.m2/repository/org/xmlunit/xmlunit-core/2.9.1/xmlunit-core-2.9.1.jar:/Users/keigofujita/.m2/repository/org/springframework/security/spring-security-test/6.2.0/spring-security-test-6.2.0.jar:/Users/keigofujita/.m2/repository/org/springframework/security/spring-security-core/6.2.0/spring-security-core-6.2.0.jar:/Users/keigofujita/.m2/repository/org/springframework/security/spring-security-crypto/6.2.0/spring-security-crypto-6.2.0.jar:/Users/keigofujita/.m2/repository/com/h2database/h2/2.2.224/h2-2.2.224.jar:/Users/keigofujita/.m2/repository/com/itextpdf/barcodes/7.2.5/barcodes-7.2.5.jar:/Users/keigofujita/.m2/repository/com/itextpdf/font-asian/7.2.5/font-asian-7.2.5.jar:/Users/keigofujita/.m2/repository/com/itextpdf/forms/7.2.5/forms-7.2.5.jar:/Users/keigofujita/.m2/repository/com/itextpdf/hyph/7.2.5/hyph-7.2.5.jar:/Users/keigofujita/.m2/repository/com/itextpdf/io/7.2.5/io-7.2.5.jar:/Users/keigofujita/.m2/repository/com/itextpdf/commons/7.2.5/commons-7.2.5.jar:/Users/keigofujita/.m2/repository/com/itextpdf/kernel/7.2.5/kernel-7.2.5.jar:/Users/keigofujita/.m2/repository/org/bouncycastle/bcpkix-jdk15on/1.70/bcpkix-jdk15on-1.70.jar:/Users/keigofujita/.m2/repository/org/bouncycastle/bcutil-jdk15on/1.70/bcutil-jdk15on-1.70.jar:/Users/keigofujita/.m2/repository/org/bouncycastle/bcprov-jdk15on/1.70/bcprov-jdk15on-1.70.jar:/Users/keigofujita/.m2/repository/com/itextpdf/layout/7.2.5/layout-7.2.5.jar:/Users/keigofujita/.m2/repository/com/itextpdf/pdfa/7.2.5/pdfa-7.2.5.jar:/Users/keigofujita/.m2/repository/com/itextpdf/sign/7.2.5/sign-7.2.5.jar:/Users/keigofujita/.m2/repository/com/itextpdf/styled-xml-parser/7.2.5/styled-xml-parser-7.2.5.jar:/Users/keigofujita/.m2/repository/com/itextpdf/svg/7.2.5/svg-7.2.5.jar:/Users/keigofujita/.m2/repository/com/itextpdf/html2pdf/4.0.5/html2pdf-4.0.5.jar:/Users/keigofujita/.m2/repository/org/slf4j/slf4j-api/2.0.9/slf4j-api-2.0.9.jar:"/>
    <property name="sun.cpu.endian" value="little"/>
    <property name="user.home" value="/Users/keigofujita"/>
    <property name="user.language" value="ja"/>
    <property name="java.specification.vendor" value="Oracle Corporation"/>
    <property name="java.version.date" value="2025-07-15"/>
    <property name="java.home" value="/opt/homebrew/Cellar/openjdk@17/17.0.16/libexec/openjdk.jdk/Contents/Home"/>
    <property name="file.separator" value="/"/>
    <property name="basedir" value="/Users/keigofujita/kintai"/>
    <property name="java.vm.compressedOopsMode" value="Zero based"/>
    <property name="line.separator" value="&#10;"/>
    <property name="java.vm.specification.vendor" value="Oracle Corporation"/>
    <property name="java.specification.name" value="Java Platform API Specification"/>
    <property name="FILE_LOG_CHARSET" value="UTF-8"/>
    <property name="java.awt.headless" value="true"/>
    <property name="surefire.real.class.path" value="/Users/keigofujita/kintai/target/surefire/surefirebooter-20250918212610768_3.jar"/>
    <property name="sun.management.compiler" value="HotSpot 64-Bit Tiered Compilers"/>
    <property name="ftp.nonProxyHosts" value="local|*.local|169.254/16|*.169.254/16"/>
    <property name="java.runtime.version" value="17.0.16+0"/>
    <property name="user.name" value="keigofujita"/>
    <property name="path.separator" value=":"/>
    <property name="os.version" value="26.0"/>
    <property name="java.runtime.name" value="OpenJDK Runtime Environment"/>
    <property name="file.encoding" value="UTF-8"/>
    <property name="java.vm.name" value="OpenJDK 64-Bit Server VM"/>
    <property name="skipTests" value="false"/>
    <property name="java.vendor.version" value="Homebrew"/>
    <property name="localRepository" value="/Users/keigofujita/.m2/repository"/>
    <property name="java.vendor.url.bug" value="https://github.com/Homebrew/homebrew-core/issues"/>
    <property name="java.io.tmpdir" value="/var/folders/yc/wrt_g14n28b6nhz2zvksbj240000gn/T/"/>
    <property name="catalina.home" value="/private/var/folders/yc/wrt_g14n28b6nhz2zvksbj240000gn/T/tomcat.0.13801884956328235202"/>
    <property name="com.zaxxer.hikari.pool_number" value="1"/>
    <property name="java.version" value="17.0.16"/>
    <property name="user.dir" value="/Users/keigofujita/kintai"/>
    <property name="os.arch" value="aarch64"/>
    <property name="java.vm.specification.name" value="Java Virtual Machine Specification"/>
    <property name="PID" value="23631"/>
    <property name="CONSOLE_LOG_CHARSET" value="UTF-8"/>
    <property name="catalina.base" value="/private/var/folders/yc/wrt_g14n28b6nhz2zvksbj240000gn/T/tomcat.0.13801884956328235202"/>
    <property name="native.encoding" value="UTF-8"/>
    <property name="java.library.path" value="/Users/keigofujita/Library/Java/Extensions:/Library/Java/Extensions:/Network/Library/Java/Extensions:/System/Library/Java/Extensions:/usr/lib/java:."/>
    <property name="java.vm.info" value="mixed mode, sharing"/>
    <property name="java.vendor" value="Homebrew"/>
    <property name="java.vm.version" value="17.0.16+0"/>
    <property name="java.specification.maintenance.version" value="1"/>
    <property name="sun.io.unicode.encoding" value="UnicodeBig"/>
    <property name="socksNonProxyHosts" value="local|*.local|169.254/16|*.169.254/16"/>
    <property name="java.class.version" value="61.0"/>
    <property name="LOGGED_APPLICATION_NAME" value="[kintai-test] "/>
  </properties>
  <testcase name="generateAttendanceReport_異常系_従業員が存在しない場合" classname="com.kintai.controller.AttendanceReportControllerTest" time="0.005">
    <system-out><![CDATA[2025-09-18T21:26:14.005+09:00  INFO 23631 --- [kintai] [           main] t.c.s.AnnotationConfigContextLoaderUtils : Could not detect default configuration classes for test class [com.kintai.controller.AttendanceReportControllerTest]: AttendanceReportControllerTest does not declare any static, non-private, non-final, nested classes annotated with @Configuration.
2025-09-18T21:26:14.007+09:00  INFO 23631 --- [kintai] [           main] .b.t.c.SpringBootTestContextBootstrapper : Found @SpringBootConfiguration com.kintai.KintaiApplication for test class com.kintai.controller.AttendanceReportControllerTest

  .   ____          _            __ _ _
 /\\ / ___'_ __ _ _(_)_ __  __ _ \ \ \ \
( ( )\___ | '_ | '_| | '_ \/ _` | \ \ \ \
 \\/  ___)| |_)| | | | | || (_| |  ) ) ) )
  '  |____| .__|_| |_|_| |_\__, | / / / /
 =========|_|==============|___/=/_/_/_/
 :: Spring Boot ::                (v3.2.0)

2025-09-18T21:26:14.015+09:00  INFO 23631 --- [kintai] [           main] c.k.c.AttendanceReportControllerTest     : Starting AttendanceReportControllerTest using Java 17.0.16 with PID 23631 (started by keigofujita in /Users/keigofujita/kintai)
2025-09-18T21:26:14.015+09:00 DEBUG 23631 --- [kintai] [           main] c.k.c.AttendanceReportControllerTest     : Running with Spring Boot v3.2.0, Spring v6.1.1
2025-09-18T21:26:14.015+09:00  INFO 23631 --- [kintai] [           main] c.k.c.AttendanceReportControllerTest     : No active profile set, falling back to 1 default profile: "default"
2025-09-18T21:26:14.015+09:00 DEBUG 23631 --- [kintai] [           main] o.s.w.c.s.GenericWebApplicationContext   : Refreshing org.springframework.web.context.support.GenericWebApplicationContext@62ce5261
2025-09-18T21:26:14.073+09:00  INFO 23631 --- [kintai] [           main] o.s.b.a.w.s.WelcomePageHandlerMapping    : Adding welcome page: class path resource [static/index.html]
2025-09-18T21:26:14.076+09:00 DEBUG 23631 --- [kintai] [           main] s.w.s.m.m.a.RequestMappingHandlerMapping : 3 mappings in 'requestMappingHandlerMapping'
2025-09-18T21:26:14.083+09:00 DEBUG 23631 --- [kintai] [           main] o.s.w.s.handler.SimpleUrlHandlerMapping  : Patterns [/webjars/**, /**] in 'resourceHandlerMapping'
2025-09-18T21:26:14.085+09:00 DEBUG 23631 --- [kintai] [           main] s.w.s.m.m.a.RequestMappingHandlerAdapter : ControllerAdvice beans: 0 @ModelAttribute, 0 @InitBinder, 1 RequestBodyAdvice, 1 ResponseBodyAdvice
2025-09-18T21:26:14.086+09:00 DEBUG 23631 --- [kintai] [           main] .m.m.a.ExceptionHandlerExceptionResolver : ControllerAdvice beans: 0 @ExceptionHandler, 1 ResponseBodyAdvice
2025-09-18T21:26:14.091+09:00  WARN 23631 --- [kintai] [           main] .s.s.UserDetailsServiceAutoConfiguration : 

Using generated security password: a59b30f0-5b15-4645-801b-7885eb3291c0

This generated password is for development use only. Your security configuration must be updated before running your application in production.

2025-09-18T21:26:14.093+09:00  INFO 23631 --- [kintai] [           main] o.s.s.web.DefaultSecurityFilterChain     : Will secure any request with [org.springframework.security.web.session.DisableEncodeUrlFilter@bf0e435, org.springframework.security.web.context.request.async.WebAsyncManagerIntegrationFilter@6577771, org.springframework.security.web.context.SecurityContextHolderFilter@42bfc11f, org.springframework.security.web.header.HeaderWriterFilter@6c525ee2, org.springframework.web.filter.CorsFilter@2c30848a, org.springframework.security.web.csrf.CsrfFilter@8fa7a01, org.springframework.security.web.authentication.logout.LogoutFilter@5cf81e6e, org.springframework.security.web.authentication.UsernamePasswordAuthenticationFilter@447dd61f, org.springframework.security.web.authentication.ui.DefaultLoginPageGeneratingFilter@dd909bb, org.springframework.security.web.authentication.ui.DefaultLogoutPageGeneratingFilter@2161cc6f, org.springframework.security.web.authentication.www.BasicAuthenticationFilter@15d301f2, org.springframework.security.web.savedrequest.RequestCacheAwareFilter@194e913b, org.springframework.security.web.servletapi.SecurityContextHolderAwareRequestFilter@7382ec67, org.springframework.security.web.authentication.AnonymousAuthenticationFilter@2dbc453a, org.springframework.security.web.access.ExceptionTranslationFilter@5727a03d, org.springframework.security.web.access.intercept.AuthorizationFilter@586ab812]
2025-09-18T21:26:14.095+09:00  INFO 23631 --- [kintai] [           main] o.s.b.t.m.w.SpringBootMockServletContext : Initializing Spring TestDispatcherServlet ''
2025-09-18T21:26:14.095+09:00  INFO 23631 --- [kintai] [           main] o.s.t.web.servlet.TestDispatcherServlet  : Initializing Servlet ''
2025-09-18T21:26:14.095+09:00  INFO 23631 --- [kintai] [           main] o.s.t.web.servlet.TestDispatcherServlet  : Completed initialization in 0 ms
2025-09-18T21:26:14.097+09:00  INFO 23631 --- [kintai] [           main] c.k.c.AttendanceReportControllerTest     : Started AttendanceReportControllerTest in 0.089 seconds (process running for 3.299)
2025-09-18T21:26:14.099+09:00 DEBUG 23631 --- [kintai] [           main] w.c.HttpSessionSecurityContextRepository : Created HttpSession as SecurityContext is non-default
2025-09-18T21:26:14.099+09:00 DEBUG 23631 --- [kintai] [           main] w.c.HttpSessionSecurityContextRepository : Stored SecurityContextImpl [Authentication=UsernamePasswordAuthenticationToken [Principal=org.springframework.security.core.userdetails.User [Username=user, Password=[PROTECTED], Enabled=true, AccountNonExpired=true, CredentialsNonExpired=true, AccountNonLocked=true, Granted Authorities=[ROLE_USER]], Credentials=[PROTECTED], Authenticated=true, Details=null, Granted Authorities=[ROLE_USER]]] to HttpSession [org.springframework.mock.web.MockHttpSession@34468b30]
2025-09-18T21:26:14.099+09:00 DEBUG 23631 --- [kintai] [           main] o.s.security.web.FilterChainProxy        : Securing GET /api/attendance/report/999/2024-01
2025-09-18T21:26:14.099+09:00  WARN 23631 --- [kintai] [           main] o.s.w.s.h.HandlerMappingIntrospector     : Cache miss for REQUEST dispatch to '/api/attendance/report/999/2024-01' (previous null). Performing CorsConfiguration lookup. This is logged once only at WARN level, and every time at TRACE.
2025-09-18T21:26:14.100+09:00 DEBUG 23631 --- [kintai] [           main] w.c.HttpSessionSecurityContextRepository : Retrieved SecurityContextImpl [Authentication=UsernamePasswordAuthenticationToken [Principal=org.springframework.security.core.userdetails.User [Username=user, Password=[PROTECTED], Enabled=true, AccountNonExpired=true, CredentialsNonExpired=true, AccountNonLocked=true, Granted Authorities=[ROLE_USER]], Credentials=[PROTECTED], Authenticated=true, Details=null, Granted Authorities=[ROLE_USER]]]
2025-09-18T21:26:14.100+09:00 DEBUG 23631 --- [kintai] [           main] o.s.security.web.FilterChainProxy        : Secured GET /api/attendance/report/999/2024-01
2025-09-18T21:26:14.100+09:00 DEBUG 23631 --- [kintai] [           main] s.w.s.m.m.a.RequestMappingHandlerMapping : Mapped to com.kintai.controller.AttendanceReportController#generateAttendanceReport(Long, String)
2025-09-18T21:26:14.103+09:00 DEBUG 23631 --- [kintai] [           main] o.s.w.s.m.m.a.HttpEntityMethodProcessor  : Using 'application/octet-stream', given [*/*] and supported [application/octet-stream, */*, application/json, application/*+json]
2025-09-18T21:26:14.103+09:00 DEBUG 23631 --- [kintai] [           main] o.s.w.s.m.m.a.HttpEntityMethodProcessor  : Nothing to write: null body
]]></system-out>
  </testcase>
  <testcase name="generateAttendanceReport_正常系_データがある場合" classname="com.kintai.controller.AttendanceReportControllerTest" time="0.004">
    <system-out><![CDATA[2025-09-18T21:26:14.105+09:00 DEBUG 23631 --- [kintai] [           main] w.c.HttpSessionSecurityContextRepository : Created HttpSession as SecurityContext is non-default
2025-09-18T21:26:14.105+09:00 DEBUG 23631 --- [kintai] [           main] w.c.HttpSessionSecurityContextRepository : Stored SecurityContextImpl [Authentication=UsernamePasswordAuthenticationToken [Principal=org.springframework.security.core.userdetails.User [Username=user, Password=[PROTECTED], Enabled=true, AccountNonExpired=true, CredentialsNonExpired=true, AccountNonLocked=true, Granted Authorities=[ROLE_USER]], Credentials=[PROTECTED], Authenticated=true, Details=null, Granted Authorities=[ROLE_USER]]] to HttpSession [org.springframework.mock.web.MockHttpSession@20df25f8]
2025-09-18T21:26:14.105+09:00 DEBUG 23631 --- [kintai] [           main] o.s.security.web.FilterChainProxy        : Securing GET /api/attendance/report/1/2024-01
2025-09-18T21:26:14.105+09:00 DEBUG 23631 --- [kintai] [           main] w.c.HttpSessionSecurityContextRepository : Retrieved SecurityContextImpl [Authentication=UsernamePasswordAuthenticationToken [Principal=org.springframework.security.core.userdetails.User [Username=user, Password=[PROTECTED], Enabled=true, AccountNonExpired=true, CredentialsNonExpired=true, AccountNonLocked=true, Granted Authorities=[ROLE_USER]], Credentials=[PROTECTED], Authenticated=true, Details=null, Granted Authorities=[ROLE_USER]]]
2025-09-18T21:26:14.105+09:00 DEBUG 23631 --- [kintai] [           main] o.s.security.web.FilterChainProxy        : Secured GET /api/attendance/report/1/2024-01
2025-09-18T21:26:14.105+09:00 DEBUG 23631 --- [kintai] [           main] s.w.s.m.m.a.RequestMappingHandlerMapping : Mapped to com.kintai.controller.AttendanceReportController#generateAttendanceReport(Long, String)
2025-09-18T21:26:14.107+09:00 DEBUG 23631 --- [kintai] [           main] o.s.w.s.m.m.a.HttpEntityMethodProcessor  : Found 'Content-Type:application/pdf' in response
2025-09-18T21:26:14.107+09:00 DEBUG 23631 --- [kintai] [           main] o.s.w.s.m.m.a.HttpEntityMethodProcessor  : Writing [{77, 111, 99, 107, 32, 80, 68, 70, 32, 67, 111, 110, 116, 101, 110, 116}]
]]></system-out>
  </testcase>
  <testcase name="generateAttendanceReport_正常系_データなしの場合" classname="com.kintai.controller.AttendanceReportControllerTest" time="0.002">
    <system-out><![CDATA[2025-09-18T21:26:14.110+09:00 DEBUG 23631 --- [kintai] [           main] w.c.HttpSessionSecurityContextRepository : Created HttpSession as SecurityContext is non-default
2025-09-18T21:26:14.110+09:00 DEBUG 23631 --- [kintai] [           main] w.c.HttpSessionSecurityContextRepository : Stored SecurityContextImpl [Authentication=UsernamePasswordAuthenticationToken [Principal=org.springframework.security.core.userdetails.User [Username=user, Password=[PROTECTED], Enabled=true, AccountNonExpired=true, CredentialsNonExpired=true, AccountNonLocked=true, Granted Authorities=[ROLE_USER]], Credentials=[PROTECTED], Authenticated=true, Details=null, Granted Authorities=[ROLE_USER]]] to HttpSession [org.springframework.mock.web.MockHttpSession@7dea9ff9]
2025-09-18T21:26:14.110+09:00 DEBUG 23631 --- [kintai] [           main] o.s.security.web.FilterChainProxy        : Securing GET /api/attendance/report/1/2024-01
2025-09-18T21:26:14.110+09:00 DEBUG 23631 --- [kintai] [           main] w.c.HttpSessionSecurityContextRepository : Retrieved SecurityContextImpl [Authentication=UsernamePasswordAuthenticationToken [Principal=org.springframework.security.core.userdetails.User [Username=user, Password=[PROTECTED], Enabled=true, AccountNonExpired=true, CredentialsNonExpired=true, AccountNonLocked=true, Granted Authorities=[ROLE_USER]], Credentials=[PROTECTED], Authenticated=true, Details=null, Granted Authorities=[ROLE_USER]]]
2025-09-18T21:26:14.110+09:00 DEBUG 23631 --- [kintai] [           main] o.s.security.web.FilterChainProxy        : Secured GET /api/attendance/report/1/2024-01
2025-09-18T21:26:14.110+09:00 DEBUG 23631 --- [kintai] [           main] s.w.s.m.m.a.RequestMappingHandlerMapping : Mapped to com.kintai.controller.AttendanceReportController#generateAttendanceReport(Long, String)
2025-09-18T21:26:14.110+09:00 DEBUG 23631 --- [kintai] [           main] o.s.w.s.m.m.a.HttpEntityMethodProcessor  : Found 'Content-Type:application/pdf' in response
2025-09-18T21:26:14.110+09:00 DEBUG 23631 --- [kintai] [           main] o.s.w.s.m.m.a.HttpEntityMethodProcessor  : Writing [{77, 111, 99, 107, 32, 80, 68, 70, 32, 67, 111, 110, 116, 101, 110, 116, 32, 45, 32, 78, 111, 32, 68 (truncated)...]
]]></system-out>
  </testcase>
  <testcase name="generateAttendanceReport_異常系_従業員IDが数値でない場合" classname="com.kintai.controller.AttendanceReportControllerTest" time="0.003">
    <system-out><![CDATA[2025-09-18T21:26:14.112+09:00 DEBUG 23631 --- [kintai] [           main] w.c.HttpSessionSecurityContextRepository : Created HttpSession as SecurityContext is non-default
2025-09-18T21:26:14.112+09:00 DEBUG 23631 --- [kintai] [           main] w.c.HttpSessionSecurityContextRepository : Stored SecurityContextImpl [Authentication=UsernamePasswordAuthenticationToken [Principal=org.springframework.security.core.userdetails.User [Username=user, Password=[PROTECTED], Enabled=true, AccountNonExpired=true, CredentialsNonExpired=true, AccountNonLocked=true, Granted Authorities=[ROLE_USER]], Credentials=[PROTECTED], Authenticated=true, Details=null, Granted Authorities=[ROLE_USER]]] to HttpSession [org.springframework.mock.web.MockHttpSession@747c1f84]
2025-09-18T21:26:14.112+09:00 DEBUG 23631 --- [kintai] [           main] o.s.security.web.FilterChainProxy        : Securing GET /api/attendance/report/invalid/2024-01
2025-09-18T21:26:14.112+09:00 DEBUG 23631 --- [kintai] [           main] w.c.HttpSessionSecurityContextRepository : Retrieved SecurityContextImpl [Authentication=UsernamePasswordAuthenticationToken [Principal=org.springframework.security.core.userdetails.User [Username=user, Password=[PROTECTED], Enabled=true, AccountNonExpired=true, CredentialsNonExpired=true, AccountNonLocked=true, Granted Authorities=[ROLE_USER]], Credentials=[PROTECTED], Authenticated=true, Details=null, Granted Authorities=[ROLE_USER]]]
2025-09-18T21:26:14.112+09:00 DEBUG 23631 --- [kintai] [           main] o.s.security.web.FilterChainProxy        : Secured GET /api/attendance/report/invalid/2024-01
2025-09-18T21:26:14.112+09:00 DEBUG 23631 --- [kintai] [           main] s.w.s.m.m.a.RequestMappingHandlerMapping : Mapped to com.kintai.controller.AttendanceReportController#generateAttendanceReport(Long, String)
2025-09-18T21:26:14.113+09:00 DEBUG 23631 --- [kintai] [           main] o.s.web.method.HandlerMethod             : Could not resolve parameter [0] in public org.springframework.http.ResponseEntity<byte[]> com.kintai.controller.AttendanceReportController.generateAttendanceReport(java.lang.Long,java.lang.String): Failed to convert value of type 'java.lang.String' to required type 'java.lang.Long'; For input string: "invalid"
2025-09-18T21:26:14.113+09:00  WARN 23631 --- [kintai] [           main] .w.s.m.s.DefaultHandlerExceptionResolver : Resolved [org.springframework.web.method.annotation.MethodArgumentTypeMismatchException: Failed to convert value of type 'java.lang.String' to required type 'java.lang.Long'; For input string: "invalid"]
]]></system-out>
  </testcase>
  <testcase name="generateAttendanceReport_異常系_年月フォーマットが空の場合" classname="com.kintai.controller.AttendanceReportControllerTest" time="0.004">
    <system-out><![CDATA[2025-09-18T21:26:14.115+09:00 DEBUG 23631 --- [kintai] [           main] w.c.HttpSessionSecurityContextRepository : Created HttpSession as SecurityContext is non-default
2025-09-18T21:26:14.115+09:00 DEBUG 23631 --- [kintai] [           main] w.c.HttpSessionSecurityContextRepository : Stored SecurityContextImpl [Authentication=UsernamePasswordAuthenticationToken [Principal=org.springframework.security.core.userdetails.User [Username=user, Password=[PROTECTED], Enabled=true, AccountNonExpired=true, CredentialsNonExpired=true, AccountNonLocked=true, Granted Authorities=[ROLE_USER]], Credentials=[PROTECTED], Authenticated=true, Details=null, Granted Authorities=[ROLE_USER]]] to HttpSession [org.springframework.mock.web.MockHttpSession@475f141a]
2025-09-18T21:26:14.115+09:00 DEBUG 23631 --- [kintai] [           main] o.s.security.web.FilterChainProxy        : Securing GET /api/attendance/report/1/
2025-09-18T21:26:14.115+09:00 DEBUG 23631 --- [kintai] [           main] w.c.HttpSessionSecurityContextRepository : Retrieved SecurityContextImpl [Authentication=UsernamePasswordAuthenticationToken [Principal=org.springframework.security.core.userdetails.User [Username=user, Password=[PROTECTED], Enabled=true, AccountNonExpired=true, CredentialsNonExpired=true, AccountNonLocked=true, Granted Authorities=[ROLE_USER]], Credentials=[PROTECTED], Authenticated=true, Details=null, Granted Authorities=[ROLE_USER]]]
2025-09-18T21:26:14.115+09:00 DEBUG 23631 --- [kintai] [           main] o.s.security.web.FilterChainProxy        : Secured GET /api/attendance/report/1/
2025-09-18T21:26:14.116+09:00 DEBUG 23631 --- [kintai] [           main] o.s.w.s.handler.SimpleUrlHandlerMapping  : Mapped to ResourceHttpRequestHandler [classpath [META-INF/resources/], classpath [resources/], classpath [static/], classpath [public/], ServletContext [/]]
2025-09-18T21:26:14.117+09:00 DEBUG 23631 --- [kintai] [           main] o.s.w.s.r.ResourceHttpRequestHandler     : Resource not found
2025-09-18T21:26:14.117+09:00 DEBUG 23631 --- [kintai] [           main] .w.s.m.s.DefaultHandlerExceptionResolver : Resolved [org.springframework.web.servlet.resource.NoResourceFoundException: No static resource api/attendance/report/1.]
]]></system-out>
  </testcase>
  <testcase name="generateAttendanceReport_異常系_年月フォーマットが不正な場合" classname="com.kintai.controller.AttendanceReportControllerTest" time="0.002">
    <system-out><![CDATA[2025-09-18T21:26:14.119+09:00 DEBUG 23631 --- [kintai] [           main] w.c.HttpSessionSecurityContextRepository : Created HttpSession as SecurityContext is non-default
2025-09-18T21:26:14.119+09:00 DEBUG 23631 --- [kintai] [           main] w.c.HttpSessionSecurityContextRepository : Stored SecurityContextImpl [Authentication=UsernamePasswordAuthenticationToken [Principal=org.springframework.security.core.userdetails.User [Username=user, Password=[PROTECTED], Enabled=true, AccountNonExpired=true, CredentialsNonExpired=true, AccountNonLocked=true, Granted Authorities=[ROLE_USER]], Credentials=[PROTECTED], Authenticated=true, Details=null, Granted Authorities=[ROLE_USER]]] to HttpSession [org.springframework.mock.web.MockHttpSession@ce5417f]
2025-09-18T21:26:14.119+09:00 DEBUG 23631 --- [kintai] [           main] o.s.security.web.FilterChainProxy        : Securing GET /api/attendance/report/1/invalid-format
2025-09-18T21:26:14.120+09:00 DEBUG 23631 --- [kintai] [           main] w.c.HttpSessionSecurityContextRepository : Retrieved SecurityContextImpl [Authentication=UsernamePasswordAuthenticationToken [Principal=org.springframework.security.core.userdetails.User [Username=user, Password=[PROTECTED], Enabled=true, AccountNonExpired=true, CredentialsNonExpired=true, AccountNonLocked=true, Granted Authorities=[ROLE_USER]], Credentials=[PROTECTED], Authenticated=true, Details=null, Granted Authorities=[ROLE_USER]]]
2025-09-18T21:26:14.120+09:00 DEBUG 23631 --- [kintai] [           main] o.s.security.web.FilterChainProxy        : Secured GET /api/attendance/report/1/invalid-format
2025-09-18T21:26:14.120+09:00 DEBUG 23631 --- [kintai] [           main] s.w.s.m.m.a.RequestMappingHandlerMapping : Mapped to com.kintai.controller.AttendanceReportController#generateAttendanceReport(Long, String)
2025-09-18T21:26:14.120+09:00 DEBUG 23631 --- [kintai] [           main] o.s.w.s.m.m.a.HttpEntityMethodProcessor  : Using 'application/octet-stream', given [*/*] and supported [application/octet-stream, */*, application/json, application/*+json]
2025-09-18T21:26:14.120+09:00 DEBUG 23631 --- [kintai] [           main] o.s.w.s.m.m.a.HttpEntityMethodProcessor  : Nothing to write: null body
]]></system-out>
  </testcase>
</testsuite>