<?xml version="1.0" encoding="UTF-8"?>
<testsuite xmlns:xsi="http://www.w3.org/2001/XMLSchema-instance" xsi:noNamespaceSchemaLocation="https://maven.apache.org/surefire/maven-surefire-plugin/xsd/surefire-test-report-3.0.xsd" version="3.0" name="com.kintai.controller.MonthlySubmitControllerTest" time="0.213" tests="8" errors="0" skipped="0" failures="6">
  <properties>
    <property name="java.specification.version" value="17"/>
    <property name="sun.jnu.encoding" value="UTF-8"/>
    <property name="java.class.path" value="/Users/keigofujita/kintai/target/test-classes:/Users/keigofujita/kintai/target/classes:/Users/keigofujita/.m2/repository/org/springframework/boot/spring-boot-starter-web/3.2.0/spring-boot-starter-web-3.2.0.jar:/Users/keigofujita/.m2/repository/org/springframework/boot/spring-boot-starter/3.2.0/spring-boot-starter-3.2.0.jar:/Users/keigofujita/.m2/repository/org/springframework/boot/spring-boot/3.2.0/spring-boot-3.2.0.jar:/Users/keigofujita/.m2/repository/org/springframework/boot/spring-boot-autoconfigure/3.2.0/spring-boot-autoconfigure-3.2.0.jar:/Users/keigofujita/.m2/repository/org/springframework/boot/spring-boot-starter-logging/3.2.0/spring-boot-starter-logging-3.2.0.jar:/Users/keigofujita/.m2/repository/ch/qos/logback/logback-classic/1.4.11/logback-classic-1.4.11.jar:/Users/keigofujita/.m2/repository/ch/qos/logback/logback-core/1.4.11/logback-core-1.4.11.jar:/Users/keigofujita/.m2/repository/org/apache/logging/log4j/log4j-to-slf4j/2.21.1/log4j-to-slf4j-2.21.1.jar:/Users/keigofujita/.m2/repository/org/apache/logging/log4j/log4j-api/2.21.1/log4j-api-2.21.1.jar:/Users/keigofujita/.m2/repository/org/slf4j/jul-to-slf4j/2.0.9/jul-to-slf4j-2.0.9.jar:/Users/keigofujita/.m2/repository/jakarta/annotation/jakarta.annotation-api/2.1.1/jakarta.annotation-api-2.1.1.jar:/Users/keigofujita/.m2/repository/org/yaml/snakeyaml/2.2/snakeyaml-2.2.jar:/Users/keigofujita/.m2/repository/org/springframework/boot/spring-boot-starter-json/3.2.0/spring-boot-starter-json-3.2.0.jar:/Users/keigofujita/.m2/repository/com/fasterxml/jackson/core/jackson-databind/2.15.3/jackson-databind-2.15.3.jar:/Users/keigofujita/.m2/repository/com/fasterxml/jackson/core/jackson-annotations/2.15.3/jackson-annotations-2.15.3.jar:/Users/keigofujita/.m2/repository/com/fasterxml/jackson/datatype/jackson-datatype-jdk8/2.15.3/jackson-datatype-jdk8-2.15.3.jar:/Users/keigofujita/.m2/repository/com/fasterxml/jackson/datatype/jackson-datatype-jsr310/2.15.3/jackson-datatype-jsr310-2.15.3.jar:/Users/keigofujita/.m2/repository/com/fasterxml/jackson/module/jackson-module-parameter-names/2.15.3/jackson-module-parameter-names-2.15.3.jar:/Users/keigofujita/.m2/repository/org/springframework/boot/spring-boot-starter-tomcat/3.2.0/spring-boot-starter-tomcat-3.2.0.jar:/Users/keigofujita/.m2/repository/org/apache/tomcat/embed/tomcat-embed-core/10.1.16/tomcat-embed-core-10.1.16.jar:/Users/keigofujita/.m2/repository/org/apache/tomcat/embed/tomcat-embed-websocket/10.1.16/tomcat-embed-websocket-10.1.16.jar:/Users/keigofujita/.m2/repository/org/springframework/spring-web/6.1.1/spring-web-6.1.1.jar:/Users/keigofujita/.m2/repository/org/springframework/spring-beans/6.1.1/spring-beans-6.1.1.jar:/Users/keigofujita/.m2/repository/org/springframework/spring-webmvc/6.1.1/spring-webmvc-6.1.1.jar:/Users/keigofujita/.m2/repository/org/springframework/spring-context/6.1.1/spring-context-6.1.1.jar:/Users/keigofujita/.m2/repository/org/springframework/spring-expression/6.1.1/spring-expression-6.1.1.jar:/Users/keigofujita/.m2/repository/org/springframework/boot/spring-boot-starter-data-jpa/3.2.0/spring-boot-starter-data-jpa-3.2.0.jar:/Users/keigofujita/.m2/repository/org/springframework/boot/spring-boot-starter-aop/3.2.0/spring-boot-starter-aop-3.2.0.jar:/Users/keigofujita/.m2/repository/org/aspectj/aspectjweaver/1.9.20.1/aspectjweaver-1.9.20.1.jar:/Users/keigofujita/.m2/repository/org/springframework/boot/spring-boot-starter-jdbc/3.2.0/spring-boot-starter-jdbc-3.2.0.jar:/Users/keigofujita/.m2/repository/com/zaxxer/HikariCP/5.0.1/HikariCP-5.0.1.jar:/Users/keigofujita/.m2/repository/org/springframework/spring-jdbc/6.1.1/spring-jdbc-6.1.1.jar:/Users/keigofujita/.m2/repository/org/hibernate/orm/hibernate-core/6.3.1.Final/hibernate-core-6.3.1.Final.jar:/Users/keigofujita/.m2/repository/jakarta/persistence/jakarta.persistence-api/3.1.0/jakarta.persistence-api-3.1.0.jar:/Users/keigofujita/.m2/repository/jakarta/transaction/jakarta.transaction-api/2.0.1/jakarta.transaction-api-2.0.1.jar:/Users/keigofujita/.m2/repository/org/jboss/logging/jboss-logging/3.5.3.Final/jboss-logging-3.5.3.Final.jar:/Users/keigofujita/.m2/repository/org/hibernate/common/hibernate-commons-annotations/6.0.6.Final/hibernate-commons-annotations-6.0.6.Final.jar:/Users/keigofujita/.m2/repository/io/smallrye/jandex/3.1.2/jandex-3.1.2.jar:/Users/keigofujita/.m2/repository/com/fasterxml/classmate/1.6.0/classmate-1.6.0.jar:/Users/keigofujita/.m2/repository/net/bytebuddy/byte-buddy/1.14.10/byte-buddy-1.14.10.jar:/Users/keigofujita/.m2/repository/org/glassfish/jaxb/jaxb-runtime/4.0.4/jaxb-runtime-4.0.4.jar:/Users/keigofujita/.m2/repository/org/glassfish/jaxb/jaxb-core/4.0.4/jaxb-core-4.0.4.jar:/Users/keigofujita/.m2/repository/org/eclipse/angus/angus-activation/2.0.1/angus-activation-2.0.1.jar:/Users/keigofujita/.m2/repository/org/glassfish/jaxb/txw2/4.0.4/txw2-4.0.4.jar:/Users/keigofujita/.m2/repository/com/sun/istack/istack-commons-runtime/4.1.2/istack-commons-runtime-4.1.2.jar:/Users/keigofujita/.m2/repository/jakarta/inject/jakarta.inject-api/2.0.1/jakarta.inject-api-2.0.1.jar:/Users/keigofujita/.m2/repository/org/antlr/antlr4-runtime/4.10.1/antlr4-runtime-4.10.1.jar:/Users/keigofujita/.m2/repository/org/springframework/data/spring-data-jpa/3.2.0/spring-data-jpa-3.2.0.jar:/Users/keigofujita/.m2/repository/org/springframework/data/spring-data-commons/3.2.0/spring-data-commons-3.2.0.jar:/Users/keigofujita/.m2/repository/org/springframework/spring-orm/6.1.1/spring-orm-6.1.1.jar:/Users/keigofujita/.m2/repository/org/springframework/spring-tx/6.1.1/spring-tx-6.1.1.jar:/Users/keigofujita/.m2/repository/org/springframework/spring-aspects/6.1.1/spring-aspects-6.1.1.jar:/Users/keigofujita/.m2/repository/org/springframework/boot/spring-boot-starter-validation/3.2.0/spring-boot-starter-validation-3.2.0.jar:/Users/keigofujita/.m2/repository/org/apache/tomcat/embed/tomcat-embed-el/10.1.16/tomcat-embed-el-10.1.16.jar:/Users/keigofujita/.m2/repository/org/hibernate/validator/hibernate-validator/8.0.1.Final/hibernate-validator-8.0.1.Final.jar:/Users/keigofujita/.m2/repository/jakarta/validation/jakarta.validation-api/3.0.2/jakarta.validation-api-3.0.2.jar:/Users/keigofujita/.m2/repository/org/springframework/boot/spring-boot-starter-actuator/3.2.0/spring-boot-starter-actuator-3.2.0.jar:/Users/keigofujita/.m2/repository/org/springframework/boot/spring-boot-actuator-autoconfigure/3.2.0/spring-boot-actuator-autoconfigure-3.2.0.jar:/Users/keigofujita/.m2/repository/org/springframework/boot/spring-boot-actuator/3.2.0/spring-boot-actuator-3.2.0.jar:/Users/keigofujita/.m2/repository/io/micrometer/micrometer-observation/1.12.0/micrometer-observation-1.12.0.jar:/Users/keigofujita/.m2/repository/io/micrometer/micrometer-commons/1.12.0/micrometer-commons-1.12.0.jar:/Users/keigofujita/.m2/repository/io/micrometer/micrometer-jakarta9/1.12.0/micrometer-jakarta9-1.12.0.jar:/Users/keigofujita/.m2/repository/io/micrometer/micrometer-core/1.12.0/micrometer-core-1.12.0.jar:/Users/keigofujita/.m2/repository/org/hdrhistogram/HdrHistogram/2.1.12/HdrHistogram-2.1.12.jar:/Users/keigofujita/.m2/repository/org/latencyutils/LatencyUtils/2.0.3/LatencyUtils-2.0.3.jar:/Users/keigofujita/.m2/repository/org/springframework/boot/spring-boot-starter-security/3.2.0/spring-boot-starter-security-3.2.0.jar:/Users/keigofujita/.m2/repository/org/springframework/spring-aop/6.1.1/spring-aop-6.1.1.jar:/Users/keigofujita/.m2/repository/org/springframework/security/spring-security-config/6.2.0/spring-security-config-6.2.0.jar:/Users/keigofujita/.m2/repository/org/springframework/security/spring-security-web/6.2.0/spring-security-web-6.2.0.jar:/Users/keigofujita/.m2/repository/com/mysql/mysql-connector-j/8.0.33/mysql-connector-j-8.0.33.jar:/Users/keigofujita/.m2/repository/org/flywaydb/flyway-core/9.22.3/flyway-core-9.22.3.jar:/Users/keigofujita/.m2/repository/com/fasterxml/jackson/dataformat/jackson-dataformat-toml/2.15.3/jackson-dataformat-toml-2.15.3.jar:/Users/keigofujita/.m2/repository/com/fasterxml/jackson/core/jackson-core/2.15.3/jackson-core-2.15.3.jar:/Users/keigofujita/.m2/repository/com/google/code/gson/gson/2.10.1/gson-2.10.1.jar:/Users/keigofujita/.m2/repository/org/flywaydb/flyway-mysql/9.22.3/flyway-mysql-9.22.3.jar:/Users/keigofujita/.m2/repository/org/springframework/boot/spring-boot-starter-test/3.2.0/spring-boot-starter-test-3.2.0.jar:/Users/keigofujita/.m2/repository/org/springframework/boot/spring-boot-test/3.2.0/spring-boot-test-3.2.0.jar:/Users/keigofujita/.m2/repository/org/springframework/boot/spring-boot-test-autoconfigure/3.2.0/spring-boot-test-autoconfigure-3.2.0.jar:/Users/keigofujita/.m2/repository/com/jayway/jsonpath/json-path/2.8.0/json-path-2.8.0.jar:/Users/keigofujita/.m2/repository/jakarta/xml/bind/jakarta.xml.bind-api/4.0.1/jakarta.xml.bind-api-4.0.1.jar:/Users/keigofujita/.m2/repository/jakarta/activation/jakarta.activation-api/2.1.2/jakarta.activation-api-2.1.2.jar:/Users/keigofujita/.m2/repository/net/minidev/json-smart/2.5.0/json-smart-2.5.0.jar:/Users/keigofujita/.m2/repository/net/minidev/accessors-smart/2.5.0/accessors-smart-2.5.0.jar:/Users/keigofujita/.m2/repository/org/ow2/asm/asm/9.3/asm-9.3.jar:/Users/keigofujita/.m2/repository/org/assertj/assertj-core/3.24.2/assertj-core-3.24.2.jar:/Users/keigofujita/.m2/repository/org/awaitility/awaitility/4.2.0/awaitility-4.2.0.jar:/Users/keigofujita/.m2/repository/org/hamcrest/hamcrest/2.2/hamcrest-2.2.jar:/Users/keigofujita/.m2/repository/org/junit/jupiter/junit-jupiter/5.10.1/junit-jupiter-5.10.1.jar:/Users/keigofujita/.m2/repository/org/junit/jupiter/junit-jupiter-api/5.10.1/junit-jupiter-api-5.10.1.jar:/Users/keigofujita/.m2/repository/org/opentest4j/opentest4j/1.3.0/opentest4j-1.3.0.jar:/Users/keigofujita/.m2/repository/org/junit/platform/junit-platform-commons/1.10.1/junit-platform-commons-1.10.1.jar:/Users/keigofujita/.m2/repository/org/apiguardian/apiguardian-api/1.1.2/apiguardian-api-1.1.2.jar:/Users/keigofujita/.m2/repository/org/junit/jupiter/junit-jupiter-params/5.10.1/junit-jupiter-params-5.10.1.jar:/Users/keigofujita/.m2/repository/org/junit/jupiter/junit-jupiter-engine/5.10.1/junit-jupiter-engine-5.10.1.jar:/Users/keigofujita/.m2/repository/org/junit/platform/junit-platform-engine/1.10.1/junit-platform-engine-1.10.1.jar:/Users/keigofujita/.m2/repository/org/mockito/mockito-core/5.7.0/mockito-core-5.7.0.jar:/Users/keigofujita/.m2/repository/net/bytebuddy/byte-buddy-agent/1.14.10/byte-buddy-agent-1.14.10.jar:/Users/keigofujita/.m2/repository/org/objenesis/objenesis/3.3/objenesis-3.3.jar:/Users/keigofujita/.m2/repository/org/mockito/mockito-junit-jupiter/5.7.0/mockito-junit-jupiter-5.7.0.jar:/Users/keigofujita/.m2/repository/org/skyscreamer/jsonassert/1.5.1/jsonassert-1.5.1.jar:/Users/keigofujita/.m2/repository/com/vaadin/external/google/android-json/0.0.20131108.vaadin1/android-json-0.0.20131108.vaadin1.jar:/Users/keigofujita/.m2/repository/org/springframework/spring-core/6.1.1/spring-core-6.1.1.jar:/Users/keigofujita/.m2/repository/org/springframework/spring-jcl/6.1.1/spring-jcl-6.1.1.jar:/Users/keigofujita/.m2/repository/org/springframework/spring-test/6.1.1/spring-test-6.1.1.jar:/Users/keigofujita/.m2/repository/org/xmlunit/xmlunit-core/2.9.1/xmlunit-core-2.9.1.jar:/Users/keigofujita/.m2/repository/org/springframework/security/spring-security-test/6.2.0/spring-security-test-6.2.0.jar:/Users/keigofujita/.m2/repository/org/springframework/security/spring-security-core/6.2.0/spring-security-core-6.2.0.jar:/Users/keigofujita/.m2/repository/org/springframework/security/spring-security-crypto/6.2.0/spring-security-crypto-6.2.0.jar:/Users/keigofujita/.m2/repository/com/h2database/h2/2.2.224/h2-2.2.224.jar:/Users/keigofujita/.m2/repository/com/itextpdf/barcodes/7.2.5/barcodes-7.2.5.jar:/Users/keigofujita/.m2/repository/com/itextpdf/font-asian/7.2.5/font-asian-7.2.5.jar:/Users/keigofujita/.m2/repository/com/itextpdf/forms/7.2.5/forms-7.2.5.jar:/Users/keigofujita/.m2/repository/com/itextpdf/hyph/7.2.5/hyph-7.2.5.jar:/Users/keigofujita/.m2/repository/com/itextpdf/io/7.2.5/io-7.2.5.jar:/Users/keigofujita/.m2/repository/com/itextpdf/commons/7.2.5/commons-7.2.5.jar:/Users/keigofujita/.m2/repository/com/itextpdf/kernel/7.2.5/kernel-7.2.5.jar:/Users/keigofujita/.m2/repository/org/bouncycastle/bcpkix-jdk15on/1.70/bcpkix-jdk15on-1.70.jar:/Users/keigofujita/.m2/repository/org/bouncycastle/bcutil-jdk15on/1.70/bcutil-jdk15on-1.70.jar:/Users/keigofujita/.m2/repository/org/bouncycastle/bcprov-jdk15on/1.70/bcprov-jdk15on-1.70.jar:/Users/keigofujita/.m2/repository/com/itextpdf/layout/7.2.5/layout-7.2.5.jar:/Users/keigofujita/.m2/repository/com/itextpdf/pdfa/7.2.5/pdfa-7.2.5.jar:/Users/keigofujita/.m2/repository/com/itextpdf/sign/7.2.5/sign-7.2.5.jar:/Users/keigofujita/.m2/repository/com/itextpdf/styled-xml-parser/7.2.5/styled-xml-parser-7.2.5.jar:/Users/keigofujita/.m2/repository/com/itextpdf/svg/7.2.5/svg-7.2.5.jar:/Users/keigofujita/.m2/repository/com/itextpdf/html2pdf/4.0.5/html2pdf-4.0.5.jar:/Users/keigofujita/.m2/repository/org/slf4j/slf4j-api/2.0.9/slf4j-api-2.0.9.jar:"/>
    <property name="java.vm.vendor" value="Homebrew"/>
    <property name="sun.arch.data.model" value="64"/>
    <property name="java.vendor.url" value="https://github.com/Homebrew/homebrew-core/issues"/>
    <property name="catalina.useNaming" value="false"/>
    <property name="user.timezone" value="Asia/Tokyo"/>
    <property name="org.jboss.logging.provider" value="slf4j"/>
    <property name="os.name" value="Mac OS X"/>
    <property name="java.vm.specification.version" value="17"/>
    <property name="sun.java.launcher" value="SUN_STANDARD"/>
    <property name="user.country" value="JP"/>
    <property name="sun.boot.library.path" value="/opt/homebrew/Cellar/openjdk@17/17.0.16/libexec/openjdk.jdk/Contents/Home/lib"/>
    <property name="sun.java.command" value="/Users/keigofujita/kintai/target/surefire/surefirebooter-20250918212610768_3.jar /Users/keigofujita/kintai/target/surefire 2025-09-18T21-26-10_737-jvmRun1 surefire-20250918212610768_1tmp surefire_0-20250918212610768_2tmp"/>
    <property name="http.nonProxyHosts" value="local|*.local|169.254/16|*.169.254/16"/>
    <property name="jdk.debug" value="release"/>
    <property name="surefire.test.class.path" value="/Users/keigofujita/kintai/target/test-classes:/Users/keigofujita/kintai/target/classes:/Users/keigofujita/.m2/repository/org/springframework/boot/spring-boot-starter-web/3.2.0/spring-boot-starter-web-3.2.0.jar:/Users/keigofujita/.m2/repository/org/springframework/boot/spring-boot-starter/3.2.0/spring-boot-starter-3.2.0.jar:/Users/keigofujita/.m2/repository/org/springframework/boot/spring-boot/3.2.0/spring-boot-3.2.0.jar:/Users/keigofujita/.m2/repository/org/springframework/boot/spring-boot-autoconfigure/3.2.0/spring-boot-autoconfigure-3.2.0.jar:/Users/keigofujita/.m2/repository/org/springframework/boot/spring-boot-starter-logging/3.2.0/spring-boot-starter-logging-3.2.0.jar:/Users/keigofujita/.m2/repository/ch/qos/logback/logback-classic/1.4.11/logback-classic-1.4.11.jar:/Users/keigofujita/.m2/repository/ch/qos/logback/logback-core/1.4.11/logback-core-1.4.11.jar:/Users/keigofujita/.m2/repository/org/apache/logging/log4j/log4j-to-slf4j/2.21.1/log4j-to-slf4j-2.21.1.jar:/Users/keigofujita/.m2/repository/org/apache/logging/log4j/log4j-api/2.21.1/log4j-api-2.21.1.jar:/Users/keigofujita/.m2/repository/org/slf4j/jul-to-slf4j/2.0.9/jul-to-slf4j-2.0.9.jar:/Users/keigofujita/.m2/repository/jakarta/annotation/jakarta.annotation-api/2.1.1/jakarta.annotation-api-2.1.1.jar:/Users/keigofujita/.m2/repository/org/yaml/snakeyaml/2.2/snakeyaml-2.2.jar:/Users/keigofujita/.m2/repository/org/springframework/boot/spring-boot-starter-json/3.2.0/spring-boot-starter-json-3.2.0.jar:/Users/keigofujita/.m2/repository/com/fasterxml/jackson/core/jackson-databind/2.15.3/jackson-databind-2.15.3.jar:/Users/keigofujita/.m2/repository/com/fasterxml/jackson/core/jackson-annotations/2.15.3/jackson-annotations-2.15.3.jar:/Users/keigofujita/.m2/repository/com/fasterxml/jackson/datatype/jackson-datatype-jdk8/2.15.3/jackson-datatype-jdk8-2.15.3.jar:/Users/keigofujita/.m2/repository/com/fasterxml/jackson/datatype/jackson-datatype-jsr310/2.15.3/jackson-datatype-jsr310-2.15.3.jar:/Users/keigofujita/.m2/repository/com/fasterxml/jackson/module/jackson-module-parameter-names/2.15.3/jackson-module-parameter-names-2.15.3.jar:/Users/keigofujita/.m2/repository/org/springframework/boot/spring-boot-starter-tomcat/3.2.0/spring-boot-starter-tomcat-3.2.0.jar:/Users/keigofujita/.m2/repository/org/apache/tomcat/embed/tomcat-embed-core/10.1.16/tomcat-embed-core-10.1.16.jar:/Users/keigofujita/.m2/repository/org/apache/tomcat/embed/tomcat-embed-websocket/10.1.16/tomcat-embed-websocket-10.1.16.jar:/Users/keigofujita/.m2/repository/org/springframework/spring-web/6.1.1/spring-web-6.1.1.jar:/Users/keigofujita/.m2/repository/org/springframework/spring-beans/6.1.1/spring-beans-6.1.1.jar:/Users/keigofujita/.m2/repository/org/springframework/spring-webmvc/6.1.1/spring-webmvc-6.1.1.jar:/Users/keigofujita/.m2/repository/org/springframework/spring-context/6.1.1/spring-context-6.1.1.jar:/Users/keigofujita/.m2/repository/org/springframework/spring-expression/6.1.1/spring-expression-6.1.1.jar:/Users/keigofujita/.m2/repository/org/springframework/boot/spring-boot-starter-data-jpa/3.2.0/spring-boot-starter-data-jpa-3.2.0.jar:/Users/keigofujita/.m2/repository/org/springframework/boot/spring-boot-starter-aop/3.2.0/spring-boot-starter-aop-3.2.0.jar:/Users/keigofujita/.m2/repository/org/aspectj/aspectjweaver/1.9.20.1/aspectjweaver-1.9.20.1.jar:/Users/keigofujita/.m2/repository/org/springframework/boot/spring-boot-starter-jdbc/3.2.0/spring-boot-starter-jdbc-3.2.0.jar:/Users/keigofujita/.m2/repository/com/zaxxer/HikariCP/5.0.1/HikariCP-5.0.1.jar:/Users/keigofujita/.m2/repository/org/springframework/spring-jdbc/6.1.1/spring-jdbc-6.1.1.jar:/Users/keigofujita/.m2/repository/org/hibernate/orm/hibernate-core/6.3.1.Final/hibernate-core-6.3.1.Final.jar:/Users/keigofujita/.m2/repository/jakarta/persistence/jakarta.persistence-api/3.1.0/jakarta.persistence-api-3.1.0.jar:/Users/keigofujita/.m2/repository/jakarta/transaction/jakarta.transaction-api/2.0.1/jakarta.transaction-api-2.0.1.jar:/Users/keigofujita/.m2/repository/org/jboss/logging/jboss-logging/3.5.3.Final/jboss-logging-3.5.3.Final.jar:/Users/keigofujita/.m2/repository/org/hibernate/common/hibernate-commons-annotations/6.0.6.Final/hibernate-commons-annotations-6.0.6.Final.jar:/Users/keigofujita/.m2/repository/io/smallrye/jandex/3.1.2/jandex-3.1.2.jar:/Users/keigofujita/.m2/repository/com/fasterxml/classmate/1.6.0/classmate-1.6.0.jar:/Users/keigofujita/.m2/repository/net/bytebuddy/byte-buddy/1.14.10/byte-buddy-1.14.10.jar:/Users/keigofujita/.m2/repository/org/glassfish/jaxb/jaxb-runtime/4.0.4/jaxb-runtime-4.0.4.jar:/Users/keigofujita/.m2/repository/org/glassfish/jaxb/jaxb-core/4.0.4/jaxb-core-4.0.4.jar:/Users/keigofujita/.m2/repository/org/eclipse/angus/angus-activation/2.0.1/angus-activation-2.0.1.jar:/Users/keigofujita/.m2/repository/org/glassfish/jaxb/txw2/4.0.4/txw2-4.0.4.jar:/Users/keigofujita/.m2/repository/com/sun/istack/istack-commons-runtime/4.1.2/istack-commons-runtime-4.1.2.jar:/Users/keigofujita/.m2/repository/jakarta/inject/jakarta.inject-api/2.0.1/jakarta.inject-api-2.0.1.jar:/Users/keigofujita/.m2/repository/org/antlr/antlr4-runtime/4.10.1/antlr4-runtime-4.10.1.jar:/Users/keigofujita/.m2/repository/org/springframework/data/spring-data-jpa/3.2.0/spring-data-jpa-3.2.0.jar:/Users/keigofujita/.m2/repository/org/springframework/data/spring-data-commons/3.2.0/spring-data-commons-3.2.0.jar:/Users/keigofujita/.m2/repository/org/springframework/spring-orm/6.1.1/spring-orm-6.1.1.jar:/Users/keigofujita/.m2/repository/org/springframework/spring-tx/6.1.1/spring-tx-6.1.1.jar:/Users/keigofujita/.m2/repository/org/springframework/spring-aspects/6.1.1/spring-aspects-6.1.1.jar:/Users/keigofujita/.m2/repository/org/springframework/boot/spring-boot-starter-validation/3.2.0/spring-boot-starter-validation-3.2.0.jar:/Users/keigofujita/.m2/repository/org/apache/tomcat/embed/tomcat-embed-el/10.1.16/tomcat-embed-el-10.1.16.jar:/Users/keigofujita/.m2/repository/org/hibernate/validator/hibernate-validator/8.0.1.Final/hibernate-validator-8.0.1.Final.jar:/Users/keigofujita/.m2/repository/jakarta/validation/jakarta.validation-api/3.0.2/jakarta.validation-api-3.0.2.jar:/Users/keigofujita/.m2/repository/org/springframework/boot/spring-boot-starter-actuator/3.2.0/spring-boot-starter-actuator-3.2.0.jar:/Users/keigofujita/.m2/repository/org/springframework/boot/spring-boot-actuator-autoconfigure/3.2.0/spring-boot-actuator-autoconfigure-3.2.0.jar:/Users/keigofujita/.m2/repository/org/springframework/boot/spring-boot-actuator/3.2.0/spring-boot-actuator-3.2.0.jar:/Users/keigofujita/.m2/repository/io/micrometer/micrometer-observation/1.12.0/micrometer-observation-1.12.0.jar:/Users/keigofujita/.m2/repository/io/micrometer/micrometer-commons/1.12.0/micrometer-commons-1.12.0.jar:/Users/keigofujita/.m2/repository/io/micrometer/micrometer-jakarta9/1.12.0/micrometer-jakarta9-1.12.0.jar:/Users/keigofujita/.m2/repository/io/micrometer/micrometer-core/1.12.0/micrometer-core-1.12.0.jar:/Users/keigofujita/.m2/repository/org/hdrhistogram/HdrHistogram/2.1.12/HdrHistogram-2.1.12.jar:/Users/keigofujita/.m2/repository/org/latencyutils/LatencyUtils/2.0.3/LatencyUtils-2.0.3.jar:/Users/keigofujita/.m2/repository/org/springframework/boot/spring-boot-starter-security/3.2.0/spring-boot-starter-security-3.2.0.jar:/Users/keigofujita/.m2/repository/org/springframework/spring-aop/6.1.1/spring-aop-6.1.1.jar:/Users/keigofujita/.m2/repository/org/springframework/security/spring-security-config/6.2.0/spring-security-config-6.2.0.jar:/Users/keigofujita/.m2/repository/org/springframework/security/spring-security-web/6.2.0/spring-security-web-6.2.0.jar:/Users/keigofujita/.m2/repository/com/mysql/mysql-connector-j/8.0.33/mysql-connector-j-8.0.33.jar:/Users/keigofujita/.m2/repository/org/flywaydb/flyway-core/9.22.3/flyway-core-9.22.3.jar:/Users/keigofujita/.m2/repository/com/fasterxml/jackson/dataformat/jackson-dataformat-toml/2.15.3/jackson-dataformat-toml-2.15.3.jar:/Users/keigofujita/.m2/repository/com/fasterxml/jackson/core/jackson-core/2.15.3/jackson-core-2.15.3.jar:/Users/keigofujita/.m2/repository/com/google/code/gson/gson/2.10.1/gson-2.10.1.jar:/Users/keigofujita/.m2/repository/org/flywaydb/flyway-mysql/9.22.3/flyway-mysql-9.22.3.jar:/Users/keigofujita/.m2/repository/org/springframework/boot/spring-boot-starter-test/3.2.0/spring-boot-starter-test-3.2.0.jar:/Users/keigofujita/.m2/repository/org/springframework/boot/spring-boot-test/3.2.0/spring-boot-test-3.2.0.jar:/Users/keigofujita/.m2/repository/org/springframework/boot/spring-boot-test-autoconfigure/3.2.0/spring-boot-test-autoconfigure-3.2.0.jar:/Users/keigofujita/.m2/repository/com/jayway/jsonpath/json-path/2.8.0/json-path-2.8.0.jar:/Users/keigofujita/.m2/repository/jakarta/xml/bind/jakarta.xml.bind-api/4.0.1/jakarta.xml.bind-api-4.0.1.jar:/Users/keigofujita/.m2/repository/jakarta/activation/jakarta.activation-api/2.1.2/jakarta.activation-api-2.1.2.jar:/Users/keigofujita/.m2/repository/net/minidev/json-smart/2.5.0/json-smart-2.5.0.jar:/Users/keigofujita/.m2/repository/net/minidev/accessors-smart/2.5.0/accessors-smart-2.5.0.jar:/Users/keigofujita/.m2/repository/org/ow2/asm/asm/9.3/asm-9.3.jar:/Users/keigofujita/.m2/repository/org/assertj/assertj-core/3.24.2/assertj-core-3.24.2.jar:/Users/keigofujita/.m2/repository/org/awaitility/awaitility/4.2.0/awaitility-4.2.0.jar:/Users/keigofujita/.m2/repository/org/hamcrest/hamcrest/2.2/hamcrest-2.2.jar:/Users/keigofujita/.m2/repository/org/junit/jupiter/junit-jupiter/5.10.1/junit-jupiter-5.10.1.jar:/Users/keigofujita/.m2/repository/org/junit/jupiter/junit-jupiter-api/5.10.1/junit-jupiter-api-5.10.1.jar:/Users/keigofujita/.m2/repository/org/opentest4j/opentest4j/1.3.0/opentest4j-1.3.0.jar:/Users/keigofujita/.m2/repository/org/junit/platform/junit-platform-commons/1.10.1/junit-platform-commons-1.10.1.jar:/Users/keigofujita/.m2/repository/org/apiguardian/apiguardian-api/1.1.2/apiguardian-api-1.1.2.jar:/Users/keigofujita/.m2/repository/org/junit/jupiter/junit-jupiter-params/5.10.1/junit-jupiter-params-5.10.1.jar:/Users/keigofujita/.m2/repository/org/junit/jupiter/junit-jupiter-engine/5.10.1/junit-jupiter-engine-5.10.1.jar:/Users/keigofujita/.m2/repository/org/junit/platform/junit-platform-engine/1.10.1/junit-platform-engine-1.10.1.jar:/Users/keigofujita/.m2/repository/org/mockito/mockito-core/5.7.0/mockito-core-5.7.0.jar:/Users/keigofujita/.m2/repository/net/bytebuddy/byte-buddy-agent/1.14.10/byte-buddy-agent-1.14.10.jar:/Users/keigofujita/.m2/repository/org/objenesis/objenesis/3.3/objenesis-3.3.jar:/Users/keigofujita/.m2/repository/org/mockito/mockito-junit-jupiter/5.7.0/mockito-junit-jupiter-5.7.0.jar:/Users/keigofujita/.m2/repository/org/skyscreamer/jsonassert/1.5.1/jsonassert-1.5.1.jar:/Users/keigofujita/.m2/repository/com/vaadin/external/google/android-json/0.0.20131108.vaadin1/android-json-0.0.20131108.vaadin1.jar:/Users/keigofujita/.m2/repository/org/springframework/spring-core/6.1.1/spring-core-6.1.1.jar:/Users/keigofujita/.m2/repository/org/springframework/spring-jcl/6.1.1/spring-jcl-6.1.1.jar:/Users/keigofujita/.m2/repository/org/springframework/spring-test/6.1.1/spring-test-6.1.1.jar:/Users/keigofujita/.m2/repository/org/xmlunit/xmlunit-core/2.9.1/xmlunit-core-2.9.1.jar:/Users/keigofujita/.m2/repository/org/springframework/security/spring-security-test/6.2.0/spring-security-test-6.2.0.jar:/Users/keigofujita/.m2/repository/org/springframework/security/spring-security-core/6.2.0/spring-security-core-6.2.0.jar:/Users/keigofujita/.m2/repository/org/springframework/security/spring-security-crypto/6.2.0/spring-security-crypto-6.2.0.jar:/Users/keigofujita/.m2/repository/com/h2database/h2/2.2.224/h2-2.2.224.jar:/Users/keigofujita/.m2/repository/com/itextpdf/barcodes/7.2.5/barcodes-7.2.5.jar:/Users/keigofujita/.m2/repository/com/itextpdf/font-asian/7.2.5/font-asian-7.2.5.jar:/Users/keigofujita/.m2/repository/com/itextpdf/forms/7.2.5/forms-7.2.5.jar:/Users/keigofujita/.m2/repository/com/itextpdf/hyph/7.2.5/hyph-7.2.5.jar:/Users/keigofujita/.m2/repository/com/itextpdf/io/7.2.5/io-7.2.5.jar:/Users/keigofujita/.m2/repository/com/itextpdf/commons/7.2.5/commons-7.2.5.jar:/Users/keigofujita/.m2/repository/com/itextpdf/kernel/7.2.5/kernel-7.2.5.jar:/Users/keigofujita/.m2/repository/org/bouncycastle/bcpkix-jdk15on/1.70/bcpkix-jdk15on-1.70.jar:/Users/keigofujita/.m2/repository/org/bouncycastle/bcutil-jdk15on/1.70/bcutil-jdk15on-1.70.jar:/Users/keigofujita/.m2/repository/org/bouncycastle/bcprov-jdk15on/1.70/bcprov-jdk15on-1.70.jar:/Users/keigofujita/.m2/repository/com/itextpdf/layout/7.2.5/layout-7.2.5.jar:/Users/keigofujita/.m2/repository/com/itextpdf/pdfa/7.2.5/pdfa-7.2.5.jar:/Users/keigofujita/.m2/repository/com/itextpdf/sign/7.2.5/sign-7.2.5.jar:/Users/keigofujita/.m2/repository/com/itextpdf/styled-xml-parser/7.2.5/styled-xml-parser-7.2.5.jar:/Users/keigofujita/.m2/repository/com/itextpdf/svg/7.2.5/svg-7.2.5.jar:/Users/keigofujita/.m2/repository/com/itextpdf/html2pdf/4.0.5/html2pdf-4.0.5.jar:/Users/keigofujita/.m2/repository/org/slf4j/slf4j-api/2.0.9/slf4j-api-2.0.9.jar:"/>
    <property name="sun.cpu.endian" value="little"/>
    <property name="user.home" value="/Users/keigofujita"/>
    <property name="user.language" value="ja"/>
    <property name="java.specification.vendor" value="Oracle Corporation"/>
    <property name="java.version.date" value="2025-07-15"/>
    <property name="java.home" value="/opt/homebrew/Cellar/openjdk@17/17.0.16/libexec/openjdk.jdk/Contents/Home"/>
    <property name="file.separator" value="/"/>
    <property name="basedir" value="/Users/keigofujita/kintai"/>
    <property name="java.vm.compressedOopsMode" value="Zero based"/>
    <property name="line.separator" value="&#10;"/>
    <property name="java.vm.specification.vendor" value="Oracle Corporation"/>
    <property name="java.specification.name" value="Java Platform API Specification"/>
    <property name="FILE_LOG_CHARSET" value="UTF-8"/>
    <property name="java.awt.headless" value="true"/>
    <property name="surefire.real.class.path" value="/Users/keigofujita/kintai/target/surefire/surefirebooter-20250918212610768_3.jar"/>
    <property name="sun.management.compiler" value="HotSpot 64-Bit Tiered Compilers"/>
    <property name="ftp.nonProxyHosts" value="local|*.local|169.254/16|*.169.254/16"/>
    <property name="java.runtime.version" value="17.0.16+0"/>
    <property name="user.name" value="keigofujita"/>
    <property name="path.separator" value=":"/>
    <property name="os.version" value="26.0"/>
    <property name="java.runtime.name" value="OpenJDK Runtime Environment"/>
    <property name="file.encoding" value="UTF-8"/>
    <property name="java.vm.name" value="OpenJDK 64-Bit Server VM"/>
    <property name="skipTests" value="false"/>
    <property name="java.vendor.version" value="Homebrew"/>
    <property name="localRepository" value="/Users/keigofujita/.m2/repository"/>
    <property name="java.vendor.url.bug" value="https://github.com/Homebrew/homebrew-core/issues"/>
    <property name="java.io.tmpdir" value="/var/folders/yc/wrt_g14n28b6nhz2zvksbj240000gn/T/"/>
    <property name="catalina.home" value="/private/var/folders/yc/wrt_g14n28b6nhz2zvksbj240000gn/T/tomcat.0.13801884956328235202"/>
    <property name="com.zaxxer.hikari.pool_number" value="1"/>
    <property name="java.version" value="17.0.16"/>
    <property name="user.dir" value="/Users/keigofujita/kintai"/>
    <property name="os.arch" value="aarch64"/>
    <property name="java.vm.specification.name" value="Java Virtual Machine Specification"/>
    <property name="PID" value="23631"/>
    <property name="CONSOLE_LOG_CHARSET" value="UTF-8"/>
    <property name="catalina.base" value="/private/var/folders/yc/wrt_g14n28b6nhz2zvksbj240000gn/T/tomcat.0.13801884956328235202"/>
    <property name="native.encoding" value="UTF-8"/>
    <property name="java.library.path" value="/Users/keigofujita/Library/Java/Extensions:/Library/Java/Extensions:/Network/Library/Java/Extensions:/System/Library/Java/Extensions:/usr/lib/java:."/>
    <property name="java.vm.info" value="mixed mode, sharing"/>
    <property name="java.vendor" value="Homebrew"/>
    <property name="java.vm.version" value="17.0.16+0"/>
    <property name="java.specification.maintenance.version" value="1"/>
    <property name="sun.io.unicode.encoding" value="UnicodeBig"/>
    <property name="socksNonProxyHosts" value="local|*.local|169.254/16|*.169.254/16"/>
    <property name="java.class.version" value="61.0"/>
    <property name="LOGGED_APPLICATION_NAME" value="[kintai-test] "/>
  </properties>
  <testcase name="testValidationErrorInvalidYearMonth" classname="com.kintai.controller.MonthlySubmitControllerTest" time="0.01">
    <system-out><![CDATA[2025-09-18T21:26:13.559+09:00  INFO 23631 --- [kintai] [           main] t.c.s.AnnotationConfigContextLoaderUtils : Could not detect default configuration classes for test class [com.kintai.controller.MonthlySubmitControllerTest]: MonthlySubmitControllerTest does not declare any static, non-private, non-final, nested classes annotated with @Configuration.
2025-09-18T21:26:13.561+09:00  INFO 23631 --- [kintai] [           main] .b.t.c.SpringBootTestContextBootstrapper : Found @SpringBootConfiguration com.kintai.KintaiApplication for test class com.kintai.controller.MonthlySubmitControllerTest

  .   ____          _            __ _ _
 /\\ / ___'_ __ _ _(_)_ __  __ _ \ \ \ \
( ( )\___ | '_ | '_| | '_ \/ _` | \ \ \ \
 \\/  ___)| |_)| | | | | || (_| |  ) ) ) )
  '  |____| .__|_| |_|_| |_\__, | / / / /
 =========|_|==============|___/=/_/_/_/
 :: Spring Boot ::                (v3.2.0)

2025-09-18T21:26:13.570+09:00  INFO 23631 --- [kintai] [           main] c.k.c.MonthlySubmitControllerTest        : Starting MonthlySubmitControllerTest using Java 17.0.16 with PID 23631 (started by keigofujita in /Users/keigofujita/kintai)
2025-09-18T21:26:13.570+09:00 DEBUG 23631 --- [kintai] [           main] c.k.c.MonthlySubmitControllerTest        : Running with Spring Boot v3.2.0, Spring v6.1.1
2025-09-18T21:26:13.570+09:00  INFO 23631 --- [kintai] [           main] c.k.c.MonthlySubmitControllerTest        : No active profile set, falling back to 1 default profile: "default"
2025-09-18T21:26:13.571+09:00 DEBUG 23631 --- [kintai] [           main] o.s.w.c.s.GenericWebApplicationContext   : Refreshing org.springframework.web.context.support.GenericWebApplicationContext@236ec794
2025-09-18T21:26:13.695+09:00  WARN 23631 --- [kintai] [           main] .s.s.UserDetailsServiceAutoConfiguration : 

Using generated security password: 21373396-9995-4f11-a09a-a77a63fc383c

This generated password is for development use only. Your security configuration must be updated before running your application in production.

2025-09-18T21:26:13.698+09:00  INFO 23631 --- [kintai] [           main] o.s.b.a.w.s.WelcomePageHandlerMapping    : Adding welcome page: class path resource [static/index.html]
2025-09-18T21:26:13.700+09:00 DEBUG 23631 --- [kintai] [           main] s.w.s.m.m.a.RequestMappingHandlerMapping : 7 mappings in 'requestMappingHandlerMapping'
2025-09-18T21:26:13.709+09:00 DEBUG 23631 --- [kintai] [           main] o.s.w.s.handler.SimpleUrlHandlerMapping  : Patterns [/webjars/**, /**] in 'resourceHandlerMapping'
2025-09-18T21:26:13.710+09:00  INFO 23631 --- [kintai] [           main] o.s.s.web.DefaultSecurityFilterChain     : Will secure any request with [org.springframework.security.web.session.DisableEncodeUrlFilter@768b79db, org.springframework.security.web.context.request.async.WebAsyncManagerIntegrationFilter@667c2066, org.springframework.security.web.context.SecurityContextHolderFilter@73ae7ce4, org.springframework.security.web.header.HeaderWriterFilter@73ce6315, org.springframework.web.filter.CorsFilter@61ecb1c8, org.springframework.security.web.authentication.logout.LogoutFilter@53b2e5, org.springframework.security.web.savedrequest.RequestCacheAwareFilter@6ff708d, org.springframework.security.web.servletapi.SecurityContextHolderAwareRequestFilter@ccba99, org.springframework.security.web.authentication.AnonymousAuthenticationFilter@11c94cf7, org.springframework.security.web.access.ExceptionTranslationFilter@64cc5f34, org.springframework.security.web.access.intercept.AuthorizationFilter@707004b6]
2025-09-18T21:26:13.719+09:00 DEBUG 23631 --- [kintai] [           main] s.w.s.m.m.a.RequestMappingHandlerAdapter : ControllerAdvice beans: 0 @ModelAttribute, 0 @InitBinder, 1 RequestBodyAdvice, 1 ResponseBodyAdvice
2025-09-18T21:26:13.720+09:00 DEBUG 23631 --- [kintai] [           main] .m.m.a.ExceptionHandlerExceptionResolver : ControllerAdvice beans: 0 @ExceptionHandler, 1 ResponseBodyAdvice
2025-09-18T21:26:13.725+09:00  INFO 23631 --- [kintai] [           main] o.s.b.t.m.w.SpringBootMockServletContext : Initializing Spring TestDispatcherServlet ''
2025-09-18T21:26:13.725+09:00  INFO 23631 --- [kintai] [           main] o.s.t.web.servlet.TestDispatcherServlet  : Initializing Servlet ''
2025-09-18T21:26:13.725+09:00  INFO 23631 --- [kintai] [           main] o.s.t.web.servlet.TestDispatcherServlet  : Completed initialization in 0 ms
2025-09-18T21:26:13.728+09:00  INFO 23631 --- [kintai] [           main] c.k.c.MonthlySubmitControllerTest        : Started MonthlySubmitControllerTest in 0.166 seconds (process running for 2.93)
2025-09-18T21:26:13.730+09:00  WARN 23631 --- [kintai] [           main] o.s.w.s.h.HandlerMappingIntrospector     : Cache miss for REQUEST dispatch to '/api/attendance/monthly-submit' (previous null). Performing CorsConfiguration lookup. This is logged once only at WARN level, and every time at TRACE.
2025-09-18T21:26:13.730+09:00 DEBUG 23631 --- [kintai] [           main] s.w.s.m.m.a.RequestMappingHandlerMapping : Mapped to com.kintai.controller.AttendanceController#monthlySubmit(MonthlySubmitRequest)
2025-09-18T21:26:13.732+09:00 DEBUG 23631 --- [kintai] [           main] m.m.a.RequestResponseBodyMethodProcessor : Read "application/json;charset=UTF-8" to [com.kintai.dto.MonthlySubmitRequest@48e13ec9]
2025-09-18T21:26:13.738+09:00  WARN 23631 --- [kintai] [           main] .w.s.m.s.DefaultHandlerExceptionResolver : Resolved [org.springframework.web.bind.MethodArgumentNotValidException: Validation failed for argument [0] in public org.springframework.http.ResponseEntity<com.kintai.dto.ClockResponse> com.kintai.controller.AttendanceController.monthlySubmit(com.kintai.dto.MonthlySubmitRequest): [Field error in object 'monthlySubmitRequest' on field 'yearMonth': rejected value [2025/09]; codes [Pattern.monthlySubmitRequest.yearMonth,Pattern.yearMonth,Pattern.java.lang.String,Pattern]; arguments [org.springframework.context.support.DefaultMessageSourceResolvable: codes [monthlySubmitRequest.yearMonth,yearMonth]; arguments []; default message [yearMonth],[Ljakarta.validation.constraints.Pattern$Flag;@6d386dff,^\d{4}-\d{2}$]; default message [年月はyyyy-MM形式で入力してください]] ]
]]></system-out>
  </testcase>
  <testcase name="testNoRecordsFound" classname="com.kintai.controller.MonthlySubmitControllerTest" time="0.006">
    <failure message="Status expected:&lt;400&gt; but was:&lt;500&gt;" type="java.lang.AssertionError"><![CDATA[java.lang.AssertionError: Status expected:<400> but was:<500>
	at org.springframework.test.util.AssertionErrors.fail(AssertionErrors.java:59)
	at org.springframework.test.util.AssertionErrors.assertEquals(AssertionErrors.java:122)
	at org.springframework.test.web.servlet.result.StatusResultMatchers.lambda$matcher$9(StatusResultMatchers.java:637)
	at org.springframework.test.web.servlet.MockMvc$1.andExpect(MockMvc.java:214)
	at com.kintai.controller.MonthlySubmitControllerTest.testNoRecordsFound(MonthlySubmitControllerTest.java:157)
	at java.base/java.lang.reflect.Method.invoke(Method.java:569)
	at java.base/java.util.ArrayList.forEach(ArrayList.java:1511)
	at java.base/java.util.ArrayList.forEach(ArrayList.java:1511)
]]></failure>
    <system-out><![CDATA[2025-09-18T21:26:13.742+09:00 DEBUG 23631 --- [kintai] [           main] s.w.s.m.m.a.RequestMappingHandlerMapping : Mapped to com.kintai.controller.AttendanceController#monthlySubmit(MonthlySubmitRequest)
2025-09-18T21:26:13.742+09:00 DEBUG 23631 --- [kintai] [           main] m.m.a.RequestResponseBodyMethodProcessor : Read "application/json;charset=UTF-8" to [com.kintai.dto.MonthlySubmitRequest@1fa51751]
2025-09-18T21:26:13.745+09:00 DEBUG 23631 --- [kintai] [           main] o.s.w.s.m.m.a.HttpEntityMethodProcessor  : Using 'application/json', given [*/*] and supported [application/json, application/*+json]
2025-09-18T21:26:13.745+09:00 DEBUG 23631 --- [kintai] [           main] o.s.w.s.m.m.a.HttpEntityMethodProcessor  : Writing [com.kintai.dto.ClockResponse@70295fa4]

MockHttpServletRequest:
      HTTP Method = POST
      Request URI = /api/attendance/monthly-submit
       Parameters = {}
          Headers = [Content-Type:"application/json;charset=UTF-8", Content-Length:"38"]
             Body = {"employeeId":1,"yearMonth":"2025-08"}
    Session Attrs = {}

Handler:
             Type = com.kintai.controller.AttendanceController
           Method = com.kintai.controller.AttendanceController#monthlySubmit(MonthlySubmitRequest)

Async:
    Async started = false
     Async result = null

Resolved Exception:
             Type = null

ModelAndView:
        View name = null
             View = null
            Model = null

FlashMap:
       Attributes = null

MockHttpServletResponse:
           Status = 500
    Error message = null
          Headers = [Vary:"Origin", "Access-Control-Request-Method", "Access-Control-Request-Headers", Content-Type:"application/json", X-Content-Type-Options:"nosniff", X-XSS-Protection:"0", Cache-Control:"no-cache, no-store, max-age=0, must-revalidate", Pragma:"no-cache", Expires:"0", X-Frame-Options:"DENY"]
     Content type = application/json
             Body = {"success":false,"message":"内部エラーが発生しました","errorCode":"INTERNAL_ERROR","data":null}
    Forwarded URL = null
   Redirected URL = null
          Cookies = []
]]></system-out>
  </testcase>
  <testcase name="testIncompleteAttendance" classname="com.kintai.controller.MonthlySubmitControllerTest" time="0.002">
    <failure message="Status expected:&lt;400&gt; but was:&lt;500&gt;" type="java.lang.AssertionError"><![CDATA[java.lang.AssertionError: Status expected:<400> but was:<500>
	at org.springframework.test.util.AssertionErrors.fail(AssertionErrors.java:59)
	at org.springframework.test.util.AssertionErrors.assertEquals(AssertionErrors.java:122)
	at org.springframework.test.web.servlet.result.StatusResultMatchers.lambda$matcher$9(StatusResultMatchers.java:637)
	at org.springframework.test.web.servlet.MockMvc$1.andExpect(MockMvc.java:214)
	at com.kintai.controller.MonthlySubmitControllerTest.testIncompleteAttendance(MonthlySubmitControllerTest.java:98)
	at java.base/java.lang.reflect.Method.invoke(Method.java:569)
	at java.base/java.util.ArrayList.forEach(ArrayList.java:1511)
	at java.base/java.util.ArrayList.forEach(ArrayList.java:1511)
]]></failure>
    <system-out><![CDATA[2025-09-18T21:26:13.748+09:00 DEBUG 23631 --- [kintai] [           main] s.w.s.m.m.a.RequestMappingHandlerMapping : Mapped to com.kintai.controller.AttendanceController#monthlySubmit(MonthlySubmitRequest)
2025-09-18T21:26:13.748+09:00 DEBUG 23631 --- [kintai] [           main] m.m.a.RequestResponseBodyMethodProcessor : Read "application/json;charset=UTF-8" to [com.kintai.dto.MonthlySubmitRequest@155d00b5]
2025-09-18T21:26:13.748+09:00 DEBUG 23631 --- [kintai] [           main] o.s.w.s.m.m.a.HttpEntityMethodProcessor  : Using 'application/json', given [*/*] and supported [application/json, application/*+json]
2025-09-18T21:26:13.748+09:00 DEBUG 23631 --- [kintai] [           main] o.s.w.s.m.m.a.HttpEntityMethodProcessor  : Writing [com.kintai.dto.ClockResponse@1d458c1e]

MockHttpServletRequest:
      HTTP Method = POST
      Request URI = /api/attendance/monthly-submit
       Parameters = {}
          Headers = [Content-Type:"application/json;charset=UTF-8", Content-Length:"38"]
             Body = {"employeeId":1,"yearMonth":"2025-09"}
    Session Attrs = {}

Handler:
             Type = com.kintai.controller.AttendanceController
           Method = com.kintai.controller.AttendanceController#monthlySubmit(MonthlySubmitRequest)

Async:
    Async started = false
     Async result = null

Resolved Exception:
             Type = null

ModelAndView:
        View name = null
             View = null
            Model = null

FlashMap:
       Attributes = null

MockHttpServletResponse:
           Status = 500
    Error message = null
          Headers = [Vary:"Origin", "Access-Control-Request-Method", "Access-Control-Request-Headers", Content-Type:"application/json", X-Content-Type-Options:"nosniff", X-XSS-Protection:"0", Cache-Control:"no-cache, no-store, max-age=0, must-revalidate", Pragma:"no-cache", Expires:"0", X-Frame-Options:"DENY"]
     Content type = application/json
             Body = {"success":false,"message":"内部エラーが発生しました","errorCode":"INTERNAL_ERROR","data":null}
    Forwarded URL = null
   Redirected URL = null
          Cookies = []
]]></system-out>
  </testcase>
  <testcase name="testAlreadySubmitted" classname="com.kintai.controller.MonthlySubmitControllerTest" time="0.002">
    <failure message="Status expected:&lt;400&gt; but was:&lt;500&gt;" type="java.lang.AssertionError"><![CDATA[java.lang.AssertionError: Status expected:<400> but was:<500>
	at org.springframework.test.util.AssertionErrors.fail(AssertionErrors.java:59)
	at org.springframework.test.util.AssertionErrors.assertEquals(AssertionErrors.java:122)
	at org.springframework.test.web.servlet.result.StatusResultMatchers.lambda$matcher$9(StatusResultMatchers.java:637)
	at org.springframework.test.web.servlet.MockMvc$1.andExpect(MockMvc.java:214)
	at com.kintai.controller.MonthlySubmitControllerTest.testAlreadySubmitted(MonthlySubmitControllerTest.java:129)
	at java.base/java.lang.reflect.Method.invoke(Method.java:569)
	at java.base/java.util.ArrayList.forEach(ArrayList.java:1511)
	at java.base/java.util.ArrayList.forEach(ArrayList.java:1511)
]]></failure>
    <system-out><![CDATA[2025-09-18T21:26:13.751+09:00 DEBUG 23631 --- [kintai] [           main] s.w.s.m.m.a.RequestMappingHandlerMapping : Mapped to com.kintai.controller.AttendanceController#monthlySubmit(MonthlySubmitRequest)
2025-09-18T21:26:13.751+09:00 DEBUG 23631 --- [kintai] [           main] m.m.a.RequestResponseBodyMethodProcessor : Read "application/json;charset=UTF-8" to [com.kintai.dto.MonthlySubmitRequest@caf0e10]
2025-09-18T21:26:13.751+09:00 DEBUG 23631 --- [kintai] [           main] o.s.w.s.m.m.a.HttpEntityMethodProcessor  : Using 'application/json', given [*/*] and supported [application/json, application/*+json]
2025-09-18T21:26:13.752+09:00 DEBUG 23631 --- [kintai] [           main] o.s.w.s.m.m.a.HttpEntityMethodProcessor  : Writing [com.kintai.dto.ClockResponse@44c1ce5a]

MockHttpServletRequest:
      HTTP Method = POST
      Request URI = /api/attendance/monthly-submit
       Parameters = {}
          Headers = [Content-Type:"application/json;charset=UTF-8", Content-Length:"38"]
             Body = {"employeeId":1,"yearMonth":"2025-09"}
    Session Attrs = {}

Handler:
             Type = com.kintai.controller.AttendanceController
           Method = com.kintai.controller.AttendanceController#monthlySubmit(MonthlySubmitRequest)

Async:
    Async started = false
     Async result = null

Resolved Exception:
             Type = null

ModelAndView:
        View name = null
             View = null
            Model = null

FlashMap:
       Attributes = null

MockHttpServletResponse:
           Status = 500
    Error message = null
          Headers = [Vary:"Origin", "Access-Control-Request-Method", "Access-Control-Request-Headers", Content-Type:"application/json", X-Content-Type-Options:"nosniff", X-XSS-Protection:"0", Cache-Control:"no-cache, no-store, max-age=0, must-revalidate", Pragma:"no-cache", Expires:"0", X-Frame-Options:"DENY"]
     Content type = application/json
             Body = {"success":false,"message":"内部エラーが発生しました","errorCode":"INTERNAL_ERROR","data":null}
    Forwarded URL = null
   Redirected URL = null
          Cookies = []
]]></system-out>
  </testcase>
  <testcase name="testValidationErrorEmployeeIdNull" classname="com.kintai.controller.MonthlySubmitControllerTest" time="0.002">
    <system-out><![CDATA[2025-09-18T21:26:13.754+09:00 DEBUG 23631 --- [kintai] [           main] s.w.s.m.m.a.RequestMappingHandlerMapping : Mapped to com.kintai.controller.AttendanceController#monthlySubmit(MonthlySubmitRequest)
2025-09-18T21:26:13.754+09:00 DEBUG 23631 --- [kintai] [           main] m.m.a.RequestResponseBodyMethodProcessor : Read "application/json;charset=UTF-8" to [com.kintai.dto.MonthlySubmitRequest@76339283]
2025-09-18T21:26:13.754+09:00  WARN 23631 --- [kintai] [           main] .w.s.m.s.DefaultHandlerExceptionResolver : Resolved [org.springframework.web.bind.MethodArgumentNotValidException: Validation failed for argument [0] in public org.springframework.http.ResponseEntity<com.kintai.dto.ClockResponse> com.kintai.controller.AttendanceController.monthlySubmit(com.kintai.dto.MonthlySubmitRequest): [Field error in object 'monthlySubmitRequest' on field 'employeeId': rejected value [null]; codes [NotNull.monthlySubmitRequest.employeeId,NotNull.employeeId,NotNull.java.lang.Long,NotNull]; arguments [org.springframework.context.support.DefaultMessageSourceResolvable: codes [monthlySubmitRequest.employeeId,employeeId]; arguments []; default message [employeeId]]; default message [従業員IDは必須です]] ]
]]></system-out>
  </testcase>
  <testcase name="testFutureMonthNotAllowed" classname="com.kintai.controller.MonthlySubmitControllerTest" time="0.003">
    <failure message="Status expected:&lt;400&gt; but was:&lt;500&gt;" type="java.lang.AssertionError"><![CDATA[java.lang.AssertionError: Status expected:<400> but was:<500>
	at org.springframework.test.util.AssertionErrors.fail(AssertionErrors.java:59)
	at org.springframework.test.util.AssertionErrors.assertEquals(AssertionErrors.java:122)
	at org.springframework.test.web.servlet.result.StatusResultMatchers.lambda$matcher$9(StatusResultMatchers.java:637)
	at org.springframework.test.web.servlet.MockMvc$1.andExpect(MockMvc.java:214)
	at com.kintai.controller.MonthlySubmitControllerTest.testFutureMonthNotAllowed(MonthlySubmitControllerTest.java:112)
	at java.base/java.lang.reflect.Method.invoke(Method.java:569)
	at java.base/java.util.ArrayList.forEach(ArrayList.java:1511)
	at java.base/java.util.ArrayList.forEach(ArrayList.java:1511)
]]></failure>
    <system-out><![CDATA[2025-09-18T21:26:13.757+09:00 DEBUG 23631 --- [kintai] [           main] s.w.s.m.m.a.RequestMappingHandlerMapping : Mapped to com.kintai.controller.AttendanceController#monthlySubmit(MonthlySubmitRequest)
2025-09-18T21:26:13.758+09:00 DEBUG 23631 --- [kintai] [           main] m.m.a.RequestResponseBodyMethodProcessor : Read "application/json;charset=UTF-8" to [com.kintai.dto.MonthlySubmitRequest@548bdfda]
2025-09-18T21:26:13.758+09:00 DEBUG 23631 --- [kintai] [           main] o.s.w.s.m.m.a.HttpEntityMethodProcessor  : Using 'application/json', given [*/*] and supported [application/json, application/*+json]
2025-09-18T21:26:13.758+09:00 DEBUG 23631 --- [kintai] [           main] o.s.w.s.m.m.a.HttpEntityMethodProcessor  : Writing [com.kintai.dto.ClockResponse@7bb5c602]

MockHttpServletRequest:
      HTTP Method = POST
      Request URI = /api/attendance/monthly-submit
       Parameters = {}
          Headers = [Content-Type:"application/json;charset=UTF-8", Content-Length:"38"]
             Body = {"employeeId":1,"yearMonth":"2026-01"}
    Session Attrs = {}

Handler:
             Type = com.kintai.controller.AttendanceController
           Method = com.kintai.controller.AttendanceController#monthlySubmit(MonthlySubmitRequest)

Async:
    Async started = false
     Async result = null

Resolved Exception:
             Type = null

ModelAndView:
        View name = null
             View = null
            Model = null

FlashMap:
       Attributes = null

MockHttpServletResponse:
           Status = 500
    Error message = null
          Headers = [Vary:"Origin", "Access-Control-Request-Method", "Access-Control-Request-Headers", Content-Type:"application/json", X-Content-Type-Options:"nosniff", X-XSS-Protection:"0", Cache-Control:"no-cache, no-store, max-age=0, must-revalidate", Pragma:"no-cache", Expires:"0", X-Frame-Options:"DENY"]
     Content type = application/json
             Body = {"success":false,"message":"内部エラーが発生しました","errorCode":"INTERNAL_ERROR","data":null}
    Forwarded URL = null
   Redirected URL = null
          Cookies = []
]]></system-out>
  </testcase>
  <testcase name="testEmployeeNotFound" classname="com.kintai.controller.MonthlySubmitControllerTest" time="0.002">
    <failure message="Status expected:&lt;400&gt; but was:&lt;500&gt;" type="java.lang.AssertionError"><![CDATA[java.lang.AssertionError: Status expected:<400> but was:<500>
	at org.springframework.test.util.AssertionErrors.fail(AssertionErrors.java:59)
	at org.springframework.test.util.AssertionErrors.assertEquals(AssertionErrors.java:122)
	at org.springframework.test.web.servlet.result.StatusResultMatchers.lambda$matcher$9(StatusResultMatchers.java:637)
	at org.springframework.test.web.servlet.MockMvc$1.andExpect(MockMvc.java:214)
	at com.kintai.controller.MonthlySubmitControllerTest.testEmployeeNotFound(MonthlySubmitControllerTest.java:143)
	at java.base/java.lang.reflect.Method.invoke(Method.java:569)
	at java.base/java.util.ArrayList.forEach(ArrayList.java:1511)
	at java.base/java.util.ArrayList.forEach(ArrayList.java:1511)
]]></failure>
    <system-out><![CDATA[2025-09-18T21:26:13.760+09:00 DEBUG 23631 --- [kintai] [           main] s.w.s.m.m.a.RequestMappingHandlerMapping : Mapped to com.kintai.controller.AttendanceController#monthlySubmit(MonthlySubmitRequest)
2025-09-18T21:26:13.761+09:00 DEBUG 23631 --- [kintai] [           main] m.m.a.RequestResponseBodyMethodProcessor : Read "application/json;charset=UTF-8" to [com.kintai.dto.MonthlySubmitRequest@319267ad]
2025-09-18T21:26:13.761+09:00 DEBUG 23631 --- [kintai] [           main] o.s.w.s.m.m.a.HttpEntityMethodProcessor  : Using 'application/json', given [*/*] and supported [application/json, application/*+json]
2025-09-18T21:26:13.761+09:00 DEBUG 23631 --- [kintai] [           main] o.s.w.s.m.m.a.HttpEntityMethodProcessor  : Writing [com.kintai.dto.ClockResponse@3b89f41a]

MockHttpServletRequest:
      HTTP Method = POST
      Request URI = /api/attendance/monthly-submit
       Parameters = {}
          Headers = [Content-Type:"application/json;charset=UTF-8", Content-Length:"40"]
             Body = {"employeeId":999,"yearMonth":"2025-09"}
    Session Attrs = {}

Handler:
             Type = com.kintai.controller.AttendanceController
           Method = com.kintai.controller.AttendanceController#monthlySubmit(MonthlySubmitRequest)

Async:
    Async started = false
     Async result = null

Resolved Exception:
             Type = null

ModelAndView:
        View name = null
             View = null
            Model = null

FlashMap:
       Attributes = null

MockHttpServletResponse:
           Status = 500
    Error message = null
          Headers = [Vary:"Origin", "Access-Control-Request-Method", "Access-Control-Request-Headers", Content-Type:"application/json", X-Content-Type-Options:"nosniff", X-XSS-Protection:"0", Cache-Control:"no-cache, no-store, max-age=0, must-revalidate", Pragma:"no-cache", Expires:"0", X-Frame-Options:"DENY"]
     Content type = application/json
             Body = {"success":false,"message":"内部エラーが発生しました","errorCode":"INTERNAL_ERROR","data":null}
    Forwarded URL = null
   Redirected URL = null
          Cookies = []
]]></system-out>
  </testcase>
  <testcase name="testMonthlySubmitSuccess" classname="com.kintai.controller.MonthlySubmitControllerTest" time="0.008">
    <failure message="Status expected:&lt;200&gt; but was:&lt;500&gt;" type="java.lang.AssertionError"><![CDATA[java.lang.AssertionError: Status expected:<200> but was:<500>
	at org.springframework.test.util.AssertionErrors.fail(AssertionErrors.java:59)
	at org.springframework.test.util.AssertionErrors.assertEquals(AssertionErrors.java:122)
	at org.springframework.test.web.servlet.result.StatusResultMatchers.lambda$matcher$9(StatusResultMatchers.java:637)
	at org.springframework.test.web.servlet.MockMvc$1.andExpect(MockMvc.java:214)
	at com.kintai.controller.MonthlySubmitControllerTest.testMonthlySubmitSuccess(MonthlySubmitControllerTest.java:79)
	at java.base/java.lang.reflect.Method.invoke(Method.java:569)
	at java.base/java.util.ArrayList.forEach(ArrayList.java:1511)
	at java.base/java.util.ArrayList.forEach(ArrayList.java:1511)
]]></failure>
    <system-out><![CDATA[2025-09-18T21:26:13.768+09:00 DEBUG 23631 --- [kintai] [           main] s.w.s.m.m.a.RequestMappingHandlerMapping : Mapped to com.kintai.controller.AttendanceController#monthlySubmit(MonthlySubmitRequest)
2025-09-18T21:26:13.769+09:00 DEBUG 23631 --- [kintai] [           main] m.m.a.RequestResponseBodyMethodProcessor : Read "application/json;charset=UTF-8" to [com.kintai.dto.MonthlySubmitRequest@4baca539]
2025-09-18T21:26:13.769+09:00 DEBUG 23631 --- [kintai] [           main] o.s.w.s.m.m.a.HttpEntityMethodProcessor  : Using 'application/json', given [*/*] and supported [application/json, application/*+json]
2025-09-18T21:26:13.769+09:00 DEBUG 23631 --- [kintai] [           main] o.s.w.s.m.m.a.HttpEntityMethodProcessor  : Writing [com.kintai.dto.ClockResponse@15733aa5]

MockHttpServletRequest:
      HTTP Method = POST
      Request URI = /api/attendance/monthly-submit
       Parameters = {}
          Headers = [Content-Type:"application/json;charset=UTF-8", Content-Length:"38"]
             Body = {"employeeId":1,"yearMonth":"2025-09"}
    Session Attrs = {}

Handler:
             Type = com.kintai.controller.AttendanceController
           Method = com.kintai.controller.AttendanceController#monthlySubmit(MonthlySubmitRequest)

Async:
    Async started = false
     Async result = null

Resolved Exception:
             Type = null

ModelAndView:
        View name = null
             View = null
            Model = null

FlashMap:
       Attributes = null

MockHttpServletResponse:
           Status = 500
    Error message = null
          Headers = [Vary:"Origin", "Access-Control-Request-Method", "Access-Control-Request-Headers", Content-Type:"application/json", X-Content-Type-Options:"nosniff", X-XSS-Protection:"0", Cache-Control:"no-cache, no-store, max-age=0, must-revalidate", Pragma:"no-cache", Expires:"0", X-Frame-Options:"DENY"]
     Content type = application/json
             Body = {"success":false,"message":"内部エラーが発生しました","errorCode":"INTERNAL_ERROR","data":null}
    Forwarded URL = null
   Redirected URL = null
          Cookies = []
]]></system-out>
  </testcase>
</testsuite>